Mensaje I / 00:00:00:000 / Root(00) para top(01)
Mensaje I / 00:00:00:000 / top(01) para ba(02)
Mensaje D / 00:00:00:000 / ba(02) / ... para top(01)
Mensaje D / 00:00:00:000 / top(01) / ... para Root(00)
Mensaje X / 00:00:00:100 / Root(00) / in_bulletready /      1.00000 para top(01)
Mensaje X / 00:00:00:100 / top(01) / in_bulletready /      1.00000 para ba(02)
Mensaje D / 00:00:00:100 / ba(02) / 00:00:00:020 para top(01)
Mensaje D / 00:00:00:100 / top(01) / 00:00:00:020 para Root(00)
Mensaje * / 00:00:00:120 / Root(00) para top(01)
Mensaje * / 00:00:00:120 / top(01) para ba(02)
Mensaje D / 00:00:00:120 / ba(02) / ... para top(01)
Mensaje D / 00:00:00:120 / top(01) / ... para Root(00)
Mensaje X / 00:00:00:200 / Root(00) / in_boltback /      1.00000 para top(01)
Mensaje X / 00:00:00:200 / top(01) / in_boltback /      1.00000 para ba(02)
Mensaje D / 00:00:00:200 / ba(02) / 00:00:00:020 para top(01)
Mensaje D / 00:00:00:200 / top(01) / 00:00:00:020 para Root(00)
Mensaje * / 00:00:00:220 / Root(00) para top(01)
Mensaje * / 00:00:00:220 / top(01) para ba(02)
Mensaje D / 00:00:00:220 / ba(02) / ... para top(01)
Mensaje D / 00:00:00:220 / top(01) / ... para Root(00)
Mensaje X / 00:00:00:300 / Root(00) / in_releasebolt /      1.00000 para top(01)
Mensaje X / 00:00:00:300 / top(01) / in_releasebolt /      1.00000 para ba(02)
Mensaje D / 00:00:00:300 / ba(02) / 00:00:00:020 para top(01)
Mensaje D / 00:00:00:300 / top(01) / 00:00:00:020 para Root(00)
Mensaje * / 00:00:00:320 / Root(00) para top(01)
Mensaje * / 00:00:00:320 / top(01) para ba(02)
Mensaje Y / 00:00:00:320 / ba(02) / out_bulletloaded /      1.00000 para top(01)
Mensaje Y / 00:00:00:320 / ba(02) / out_boltposn /      0.00000 para top(01)
Mensaje D / 00:00:00:320 / ba(02) / ... para top(01)
Mensaje Y / 00:00:00:320 / top(01) / out_bulletloaded /      1.00000 para Root(00)
Mensaje Y / 00:00:00:320 / top(01) / out_boltposn /      0.00000 para Root(00)
Mensaje D / 00:00:00:320 / top(01) / ... para Root(00)
Mensaje X / 00:00:00:400 / Root(00) / in_boltback /      1.00000 para top(01)
Mensaje X / 00:00:00:400 / top(01) / in_boltback /      1.00000 para ba(02)
Mensaje D / 00:00:00:400 / ba(02) / 00:00:00:020 para top(01)
Mensaje D / 00:00:00:400 / top(01) / 00:00:00:020 para Root(00)
Mensaje * / 00:00:00:420 / Root(00) para top(01)
Mensaje * / 00:00:00:420 / top(01) para ba(02)
Mensaje D / 00:00:00:420 / ba(02) / ... para top(01)
Mensaje D / 00:00:00:420 / top(01) / ... para Root(00)
Mensaje X / 00:00:00:500 / Root(00) / in_boltback /      1.00000 para top(01)
Mensaje X / 00:00:00:500 / top(01) / in_boltback /      1.00000 para ba(02)
Mensaje D / 00:00:00:500 / ba(02) / 00:00:00:020 para top(01)
Mensaje D / 00:00:00:500 / top(01) / 00:00:00:020 para Root(00)
Mensaje * / 00:00:00:520 / Root(00) para top(01)
Mensaje * / 00:00:00:520 / top(01) para ba(02)
Mensaje D / 00:00:00:520 / ba(02) / ... para top(01)
Mensaje D / 00:00:00:520 / top(01) / ... para Root(00)
Mensaje X / 00:00:00:600 / Root(00) / in_boltback /      1.00000 para top(01)
Mensaje X / 00:00:00:600 / top(01) / in_boltback /      1.00000 para ba(02)
Mensaje D / 00:00:00:600 / ba(02) / 00:00:00:020 para top(01)
Mensaje D / 00:00:00:600 / top(01) / 00:00:00:020 para Root(00)
Mensaje * / 00:00:00:620 / Root(00) para top(01)
Mensaje * / 00:00:00:620 / top(01) para ba(02)
Mensaje D / 00:00:00:620 / ba(02) / ... para top(01)
Mensaje D / 00:00:00:620 / top(01) / ... para Root(00)
Mensaje X / 00:00:00:700 / Root(00) / in_bulletready /      1.00000 para top(01)
Mensaje X / 00:00:00:700 / top(01) / in_bulletready /      1.00000 para ba(02)
Mensaje D / 00:00:00:700 / ba(02) / 00:00:00:020 para top(01)
Mensaje D / 00:00:00:700 / top(01) / 00:00:00:020 para Root(00)
Mensaje * / 00:00:00:720 / Root(00) para top(01)
Mensaje * / 00:00:00:720 / top(01) para ba(02)
Mensaje D / 00:00:00:720 / ba(02) / ... para top(01)
Mensaje D / 00:00:00:720 / top(01) / ... para Root(00)
Mensaje X / 00:00:00:800 / Root(00) / in_bulletready /      1.00000 para top(01)
Mensaje X / 00:00:00:800 / top(01) / in_bulletready /      1.00000 para ba(02)
Mensaje D / 00:00:00:800 / ba(02) / 00:00:00:020 para top(01)
Mensaje D / 00:00:00:800 / top(01) / 00:00:00:020 para Root(00)
Mensaje * / 00:00:00:820 / Root(00) para top(01)
Mensaje * / 00:00:00:820 / top(01) para ba(02)
Mensaje D / 00:00:00:820 / ba(02) / ... para top(01)
Mensaje D / 00:00:00:820 / top(01) / ... para Root(00)
Mensaje X / 00:00:00:900 / Root(00) / in_bulletready /      1.00000 para top(01)
Mensaje X / 00:00:00:900 / top(01) / in_bulletready /      1.00000 para ba(02)
Mensaje D / 00:00:00:900 / ba(02) / 00:00:00:020 para top(01)
Mensaje D / 00:00:00:900 / top(01) / 00:00:00:020 para Root(00)
Mensaje * / 00:00:00:920 / Root(00) para top(01)
Mensaje * / 00:00:00:920 / top(01) para ba(02)
Mensaje D / 00:00:00:920 / ba(02) / ... para top(01)
Mensaje D / 00:00:00:920 / top(01) / ... para Root(00)
Mensaje X / 00:00:01:000 / Root(00) / in_releasebolt /      1.00000 para top(01)
Mensaje X / 00:00:01:000 / top(01) / in_releasebolt /      1.00000 para ba(02)
Mensaje D / 00:00:01:000 / ba(02) / 00:00:00:020 para top(01)
Mensaje D / 00:00:01:000 / top(01) / 00:00:00:020 para Root(00)
Mensaje * / 00:00:01:020 / Root(00) para top(01)
Mensaje * / 00:00:01:020 / top(01) para ba(02)
Mensaje Y / 00:00:01:020 / ba(02) / out_bulletloaded /      1.00000 para top(01)
Mensaje Y / 00:00:01:020 / ba(02) / out_boltposn /      0.00000 para top(01)
Mensaje D / 00:00:01:020 / ba(02) / ... para top(01)
Mensaje Y / 00:00:01:020 / top(01) / out_bulletloaded /      1.00000 para Root(00)
Mensaje Y / 00:00:01:020 / top(01) / out_boltposn /      0.00000 para Root(00)
Mensaje D / 00:00:01:020 / top(01) / ... para Root(00)
Mensaje X / 00:00:01:100 / Root(00) / in_releasebolt /      1.00000 para top(01)
Mensaje X / 00:00:01:100 / top(01) / in_releasebolt /      1.00000 para ba(02)
Mensaje D / 00:00:01:100 / ba(02) / 00:00:00:020 para top(01)
Mensaje D / 00:00:01:100 / top(01) / 00:00:00:020 para Root(00)
Mensaje * / 00:00:01:120 / Root(00) para top(01)
Mensaje * / 00:00:01:120 / top(01) para ba(02)
Mensaje D / 00:00:01:120 / ba(02) / ... para top(01)
Mensaje D / 00:00:01:120 / top(01) / ... para Root(00)
Mensaje X / 00:00:01:200 / Root(00) / in_releasebolt /      1.00000 para top(01)
Mensaje X / 00:00:01:200 / top(01) / in_releasebolt /      1.00000 para ba(02)
Mensaje D / 00:00:01:200 / ba(02) / 00:00:00:020 para top(01)
Mensaje D / 00:00:01:200 / top(01) / 00:00:00:020 para Root(00)
Mensaje * / 00:00:01:220 / Root(00) para top(01)
Mensaje * / 00:00:01:220 / top(01) para ba(02)
Mensaje D / 00:00:01:220 / ba(02) / ... para top(01)
Mensaje D / 00:00:01:220 / top(01) / ... para Root(00)
Mensaje X / 00:00:01:300 / Root(00) / in_bulletready /      1.00000 para top(01)
Mensaje X / 00:00:01:300 / top(01) / in_bulletready /      1.00000 para ba(02)
Mensaje D / 00:00:01:300 / ba(02) / 00:00:00:020 para top(01)
Mensaje D / 00:00:01:300 / top(01) / 00:00:00:020 para Root(00)
Mensaje * / 00:00:01:320 / Root(00) para top(01)
Mensaje * / 00:00:01:320 / top(01) para ba(02)
Mensaje D / 00:00:01:320 / ba(02) / ... para top(01)
Mensaje D / 00:00:01:320 / top(01) / ... para Root(00)
Mensaje X / 00:00:01:400 / Root(00) / in_boltback /      1.00000 para top(01)
Mensaje X / 00:00:01:400 / top(01) / in_boltback /      1.00000 para ba(02)
Mensaje D / 00:00:01:400 / ba(02) / 00:00:00:020 para top(01)
Mensaje D / 00:00:01:400 / top(01) / 00:00:00:020 para Root(00)
Mensaje * / 00:00:01:420 / Root(00) para top(01)
Mensaje * / 00:00:01:420 / top(01) para ba(02)
Mensaje D / 00:00:01:420 / ba(02) / ... para top(01)
Mensaje D / 00:00:01:420 / top(01) / ... para Root(00)
Mensaje X / 00:00:01:500 / Root(00) / in_releasebolt /      1.00000 para top(01)
Mensaje X / 00:00:01:500 / top(01) / in_releasebolt /      1.00000 para ba(02)
Mensaje D / 00:00:01:500 / ba(02) / 00:00:00:020 para top(01)
Mensaje D / 00:00:01:500 / top(01) / 00:00:00:020 para Root(00)
Mensaje * / 00:00:01:520 / Root(00) para top(01)
Mensaje * / 00:00:01:520 / top(01) para ba(02)
Mensaje Y / 00:00:01:520 / ba(02) / out_bulletloaded /      1.00000 para top(01)
Mensaje Y / 00:00:01:520 / ba(02) / out_boltposn /      0.00000 para top(01)
Mensaje D / 00:00:01:520 / ba(02) / ... para top(01)
Mensaje Y / 00:00:01:520 / top(01) / out_bulletloaded /      1.00000 para Root(00)
Mensaje Y / 00:00:01:520 / top(01) / out_boltposn /      0.00000 para Root(00)
Mensaje D / 00:00:01:520 / top(01) / ... para Root(00)
Mensaje X / 00:00:01:600 / Root(00) / in_bulletready /      1.00000 para top(01)
Mensaje X / 00:00:01:600 / top(01) / in_bulletready /      1.00000 para ba(02)
Mensaje D / 00:00:01:600 / ba(02) / 00:00:00:020 para top(01)
Mensaje D / 00:00:01:600 / top(01) / 00:00:00:020 para Root(00)
Mensaje * / 00:00:01:620 / Root(00) para top(01)
Mensaje * / 00:00:01:620 / top(01) para ba(02)
Mensaje D / 00:00:01:620 / ba(02) / ... para top(01)
Mensaje D / 00:00:01:620 / top(01) / ... para Root(00)
Mensaje X / 00:00:01:700 / Root(00) / in_boltback /      1.00000 para top(01)
Mensaje X / 00:00:01:700 / top(01) / in_boltback /      1.00000 para ba(02)
Mensaje D / 00:00:01:700 / ba(02) / 00:00:00:020 para top(01)
Mensaje D / 00:00:01:700 / top(01) / 00:00:00:020 para Root(00)
Mensaje * / 00:00:01:720 / Root(00) para top(01)
Mensaje * / 00:00:01:720 / top(01) para ba(02)
Mensaje D / 00:00:01:720 / ba(02) / ... para top(01)
Mensaje D / 00:00:01:720 / top(01) / ... para Root(00)
Mensaje X / 00:00:01:800 / Root(00) / in_releasebolt /      1.00000 para top(01)
Mensaje X / 00:00:01:800 / top(01) / in_releasebolt /      1.00000 para ba(02)
Mensaje D / 00:00:01:800 / ba(02) / 00:00:00:020 para top(01)
Mensaje D / 00:00:01:800 / top(01) / 00:00:00:020 para Root(00)
Mensaje * / 00:00:01:820 / Root(00) para top(01)
Mensaje * / 00:00:01:820 / top(01) para ba(02)
Mensaje Y / 00:00:01:820 / ba(02) / out_bulletloaded /      1.00000 para top(01)
Mensaje Y / 00:00:01:820 / ba(02) / out_boltposn /      0.00000 para top(01)
Mensaje D / 00:00:01:820 / ba(02) / ... para top(01)
Mensaje Y / 00:00:01:820 / top(01) / out_bulletloaded /      1.00000 para Root(00)
Mensaje Y / 00:00:01:820 / top(01) / out_boltposn /      0.00000 para Root(00)
Mensaje D / 00:00:01:820 / top(01) / ... para Root(00)
Mensaje X / 00:00:01:900 / Root(00) / in_bulletready /      1.00000 para top(01)
Mensaje X / 00:00:01:900 / top(01) / in_bulletready /      1.00000 para ba(02)
Mensaje D / 00:00:01:900 / ba(02) / 00:00:00:020 para top(01)
Mensaje D / 00:00:01:900 / top(01) / 00:00:00:020 para Root(00)
Mensaje * / 00:00:01:920 / Root(00) para top(01)
Mensaje * / 00:00:01:920 / top(01) para ba(02)
Mensaje D / 00:00:01:920 / ba(02) / ... para top(01)
Mensaje D / 00:00:01:920 / top(01) / ... para Root(00)
Mensaje X / 00:00:02:000 / Root(00) / in_boltback /      1.00000 para top(01)
Mensaje X / 00:00:02:000 / top(01) / in_boltback /      1.00000 para ba(02)
Mensaje D / 00:00:02:000 / ba(02) / 00:00:00:020 para top(01)
Mensaje D / 00:00:02:000 / top(01) / 00:00:00:020 para Root(00)
Mensaje * / 00:00:02:020 / Root(00) para top(01)
Mensaje * / 00:00:02:020 / top(01) para ba(02)
Mensaje D / 00:00:02:020 / ba(02) / ... para top(01)
Mensaje D / 00:00:02:020 / top(01) / ... para Root(00)
Mensaje X / 00:00:02:100 / Root(00) / in_releasebolt /      1.00000 para top(01)
Mensaje X / 00:00:02:100 / top(01) / in_releasebolt /      1.00000 para ba(02)
Mensaje D / 00:00:02:100 / ba(02) / 00:00:00:020 para top(01)
Mensaje D / 00:00:02:100 / top(01) / 00:00:00:020 para Root(00)
Mensaje * / 00:00:02:120 / Root(00) para top(01)
Mensaje * / 00:00:02:120 / top(01) para ba(02)
Mensaje Y / 00:00:02:120 / ba(02) / out_bulletloaded /      0.00000 para top(01)
Mensaje Y / 00:00:02:120 / ba(02) / out_boltposn /      2.00000 para top(01)
Mensaje D / 00:00:02:120 / ba(02) / ... para top(01)
Mensaje Y / 00:00:02:120 / top(01) / out_bulletloaded /      0.00000 para Root(00)
Mensaje Y / 00:00:02:120 / top(01) / out_boltposn /      2.00000 para Root(00)
Mensaje D / 00:00:02:120 / top(01) / ... para Root(00)
Mensaje X / 00:00:02:200 / Root(00) / in_bulletready /      0.00000 para top(01)
Mensaje X / 00:00:02:200 / top(01) / in_bulletready /      0.00000 para ba(02)
Mensaje D / 00:00:02:200 / ba(02) / 00:00:00:020 para top(01)
Mensaje D / 00:00:02:200 / top(01) / 00:00:00:020 para Root(00)
Mensaje * / 00:00:02:220 / Root(00) para top(01)
Mensaje * / 00:00:02:220 / top(01) para ba(02)
Mensaje D / 00:00:02:220 / ba(02) / ... para top(01)
Mensaje D / 00:00:02:220 / top(01) / ... para Root(00)
Mensaje X / 00:00:02:300 / Root(00) / in_boltback /      1.00000 para top(01)
Mensaje X / 00:00:02:300 / top(01) / in_boltback /      1.00000 para ba(02)
Mensaje D / 00:00:02:300 / ba(02) / 00:00:00:020 para top(01)
Mensaje D / 00:00:02:300 / top(01) / 00:00:00:020 para Root(00)
Mensaje * / 00:00:02:320 / Root(00) para top(01)
Mensaje * / 00:00:02:320 / top(01) para ba(02)
Mensaje D / 00:00:02:320 / ba(02) / ... para top(01)
Mensaje D / 00:00:02:320 / top(01) / ... para Root(00)
Mensaje X / 00:00:02:400 / Root(00) / in_releasebolt /      1.00000 para top(01)
Mensaje X / 00:00:02:400 / top(01) / in_releasebolt /      1.00000 para ba(02)
Mensaje D / 00:00:02:400 / ba(02) / 00:00:00:020 para top(01)
Mensaje D / 00:00:02:400 / top(01) / 00:00:00:020 para Root(00)
Mensaje * / 00:00:02:420 / Root(00) para top(01)
Mensaje * / 00:00:02:420 / top(01) para ba(02)
Mensaje D / 00:00:02:420 / ba(02) / ... para top(01)
Mensaje D / 00:00:02:420 / top(01) / ... para Root(00)
Mensaje X / 00:00:02:500 / Root(00) / in_bulletready /      1.00000 para top(01)
Mensaje X / 00:00:02:500 / top(01) / in_bulletready /      1.00000 para ba(02)
Mensaje D / 00:00:02:500 / ba(02) / 00:00:00:020 para top(01)
Mensaje D / 00:00:02:500 / top(01) / 00:00:00:020 para Root(00)
Mensaje * / 00:00:02:520 / Root(00) para top(01)
Mensaje * / 00:00:02:520 / top(01) para ba(02)
Mensaje D / 00:00:02:520 / ba(02) / ... para top(01)
Mensaje D / 00:00:02:520 / top(01) / ... para Root(00)
Mensaje X / 00:00:02:600 / Root(00) / in_boltback /      1.00000 para top(01)
Mensaje X / 00:00:02:600 / top(01) / in_boltback /      1.00000 para ba(02)
Mensaje D / 00:00:02:600 / ba(02) / 00:00:00:020 para top(01)
Mensaje D / 00:00:02:600 / top(01) / 00:00:00:020 para Root(00)
Mensaje * / 00:00:02:620 / Root(00) para top(01)
Mensaje * / 00:00:02:620 / top(01) para ba(02)
Mensaje D / 00:00:02:620 / ba(02) / ... para top(01)
Mensaje D / 00:00:02:620 / top(01) / ... para Root(00)
Mensaje X / 00:00:02:700 / Root(00) / in_releasebolt /      0.00000 para top(01)
Mensaje X / 00:00:02:700 / top(01) / in_releasebolt /      0.00000 para ba(02)
Mensaje D / 00:00:02:700 / ba(02) / 00:00:00:020 para top(01)
Mensaje D / 00:00:02:700 / top(01) / 00:00:00:020 para Root(00)
Mensaje * / 00:00:02:720 / Root(00) para top(01)
Mensaje * / 00:00:02:720 / top(01) para ba(02)
Mensaje D / 00:00:02:720 / ba(02) / ... para top(01)
Mensaje D / 00:00:02:720 / top(01) / ... para Root(00)
