Mensaje I / 00:00:00:000 / Root(00) para top(01)
Mensaje I / 00:00:00:000 / top(01) para bull(02)
Mensaje D / 00:00:00:000 / bull(02) / ... para top(01)
Mensaje D / 00:00:00:000 / top(01) / ... para Root(00)
Mensaje X / 00:00:00:100 / Root(00) / in_bulletready /      1.00000 para top(01)
Mensaje X / 00:00:00:100 / top(01) / in_bulletready /      1.00000 para bull(02)
Mensaje D / 00:00:00:100 / bull(02) / 00:00:00:000 para top(01)
Mensaje D / 00:00:00:100 / top(01) / 00:00:00:000 para Root(00)
Mensaje * / 00:00:00:100 / Root(00) para top(01)
Mensaje * / 00:00:00:100 / top(01) para bull(02)
Mensaje Y / 00:00:00:100 / bull(02) / out_isdud /      1.00000 para top(01)
Mensaje Y / 00:00:00:100 / bull(02) / out_bulletready /      1.00000 para top(01)
Mensaje D / 00:00:00:100 / bull(02) / ... para top(01)
Mensaje Y / 00:00:00:100 / top(01) / out_isdud /      1.00000 para Root(00)
Mensaje D / 00:00:00:100 / top(01) / ... para Root(00)
Mensaje X / 00:00:00:200 / Root(00) / in_bulletready /      1.00000 para top(01)
Mensaje X / 00:00:00:200 / top(01) / in_bulletready /      1.00000 para bull(02)
Mensaje D / 00:00:00:200 / bull(02) / 00:00:00:000 para top(01)
Mensaje D / 00:00:00:200 / top(01) / 00:00:00:000 para Root(00)
Mensaje * / 00:00:00:200 / Root(00) para top(01)
Mensaje * / 00:00:00:200 / top(01) para bull(02)
Mensaje Y / 00:00:00:200 / bull(02) / out_isdud /      0.00000 para top(01)
Mensaje Y / 00:00:00:200 / bull(02) / out_bulletready /      1.00000 para top(01)
Mensaje D / 00:00:00:200 / bull(02) / ... para top(01)
Mensaje Y / 00:00:00:200 / top(01) / out_isdud /      0.00000 para Root(00)
Mensaje D / 00:00:00:200 / top(01) / ... para Root(00)
Mensaje X / 00:00:00:300 / Root(00) / in_bulletready /      1.00000 para top(01)
Mensaje X / 00:00:00:300 / top(01) / in_bulletready /      1.00000 para bull(02)
Mensaje D / 00:00:00:300 / bull(02) / 00:00:00:000 para top(01)
Mensaje D / 00:00:00:300 / top(01) / 00:00:00:000 para Root(00)
Mensaje * / 00:00:00:300 / Root(00) para top(01)
Mensaje * / 00:00:00:300 / top(01) para bull(02)
Mensaje Y / 00:00:00:300 / bull(02) / out_isdud /      0.00000 para top(01)
Mensaje Y / 00:00:00:300 / bull(02) / out_bulletready /      1.00000 para top(01)
Mensaje D / 00:00:00:300 / bull(02) / ... para top(01)
Mensaje Y / 00:00:00:300 / top(01) / out_isdud /      0.00000 para Root(00)
Mensaje D / 00:00:00:300 / top(01) / ... para Root(00)
Mensaje X / 00:00:00:400 / Root(00) / in_bulletready /      1.00000 para top(01)
Mensaje X / 00:00:00:400 / top(01) / in_bulletready /      1.00000 para bull(02)
Mensaje D / 00:00:00:400 / bull(02) / 00:00:00:000 para top(01)
Mensaje D / 00:00:00:400 / top(01) / 00:00:00:000 para Root(00)
Mensaje * / 00:00:00:400 / Root(00) para top(01)
Mensaje * / 00:00:00:400 / top(01) para bull(02)
Mensaje Y / 00:00:00:400 / bull(02) / out_isdud /      0.00000 para top(01)
Mensaje Y / 00:00:00:400 / bull(02) / out_bulletready /      1.00000 para top(01)
Mensaje D / 00:00:00:400 / bull(02) / ... para top(01)
Mensaje Y / 00:00:00:400 / top(01) / out_isdud /      0.00000 para Root(00)
Mensaje D / 00:00:00:400 / top(01) / ... para Root(00)
Mensaje X / 00:00:00:500 / Root(00) / in_bulletready /      1.00000 para top(01)
Mensaje X / 00:00:00:500 / top(01) / in_bulletready /      1.00000 para bull(02)
Mensaje D / 00:00:00:500 / bull(02) / 00:00:00:000 para top(01)
Mensaje D / 00:00:00:500 / top(01) / 00:00:00:000 para Root(00)
Mensaje * / 00:00:00:500 / Root(00) para top(01)
Mensaje * / 00:00:00:500 / top(01) para bull(02)
Mensaje Y / 00:00:00:500 / bull(02) / out_isdud /      0.00000 para top(01)
Mensaje Y / 00:00:00:500 / bull(02) / out_bulletready /      1.00000 para top(01)
Mensaje D / 00:00:00:500 / bull(02) / ... para top(01)
Mensaje Y / 00:00:00:500 / top(01) / out_isdud /      0.00000 para Root(00)
Mensaje D / 00:00:00:500 / top(01) / ... para Root(00)
Mensaje X / 00:00:00:600 / Root(00) / in_bulletready /      1.00000 para top(01)
Mensaje X / 00:00:00:600 / top(01) / in_bulletready /      1.00000 para bull(02)
Mensaje D / 00:00:00:600 / bull(02) / 00:00:00:000 para top(01)
Mensaje D / 00:00:00:600 / top(01) / 00:00:00:000 para Root(00)
Mensaje * / 00:00:00:600 / Root(00) para top(01)
Mensaje * / 00:00:00:600 / top(01) para bull(02)
Mensaje Y / 00:00:00:600 / bull(02) / out_isdud /      0.00000 para top(01)
Mensaje Y / 00:00:00:600 / bull(02) / out_bulletready /      1.00000 para top(01)
Mensaje D / 00:00:00:600 / bull(02) / ... para top(01)
Mensaje Y / 00:00:00:600 / top(01) / out_isdud /      0.00000 para Root(00)
Mensaje D / 00:00:00:600 / top(01) / ... para Root(00)
Mensaje X / 00:00:00:700 / Root(00) / in_bulletready /      1.00000 para top(01)
Mensaje X / 00:00:00:700 / top(01) / in_bulletready /      1.00000 para bull(02)
Mensaje D / 00:00:00:700 / bull(02) / 00:00:00:000 para top(01)
Mensaje D / 00:00:00:700 / top(01) / 00:00:00:000 para Root(00)
Mensaje * / 00:00:00:700 / Root(00) para top(01)
Mensaje * / 00:00:00:700 / top(01) para bull(02)
Mensaje Y / 00:00:00:700 / bull(02) / out_isdud /      0.00000 para top(01)
Mensaje Y / 00:00:00:700 / bull(02) / out_bulletready /      1.00000 para top(01)
Mensaje D / 00:00:00:700 / bull(02) / ... para top(01)
Mensaje Y / 00:00:00:700 / top(01) / out_isdud /      0.00000 para Root(00)
Mensaje D / 00:00:00:700 / top(01) / ... para Root(00)
Mensaje X / 00:00:00:800 / Root(00) / in_bulletready /      1.00000 para top(01)
Mensaje X / 00:00:00:800 / top(01) / in_bulletready /      1.00000 para bull(02)
Mensaje D / 00:00:00:800 / bull(02) / 00:00:00:000 para top(01)
Mensaje D / 00:00:00:800 / top(01) / 00:00:00:000 para Root(00)
Mensaje * / 00:00:00:800 / Root(00) para top(01)
Mensaje * / 00:00:00:800 / top(01) para bull(02)
Mensaje Y / 00:00:00:800 / bull(02) / out_isdud /      0.00000 para top(01)
Mensaje Y / 00:00:00:800 / bull(02) / out_bulletready /      1.00000 para top(01)
Mensaje D / 00:00:00:800 / bull(02) / ... para top(01)
Mensaje Y / 00:00:00:800 / top(01) / out_isdud /      0.00000 para Root(00)
Mensaje D / 00:00:00:800 / top(01) / ... para Root(00)
Mensaje X / 00:00:00:900 / Root(00) / in_bulletready /      1.00000 para top(01)
Mensaje X / 00:00:00:900 / top(01) / in_bulletready /      1.00000 para bull(02)
Mensaje D / 00:00:00:900 / bull(02) / 00:00:00:000 para top(01)
Mensaje D / 00:00:00:900 / top(01) / 00:00:00:000 para Root(00)
Mensaje * / 00:00:00:900 / Root(00) para top(01)
Mensaje * / 00:00:00:900 / top(01) para bull(02)
Mensaje Y / 00:00:00:900 / bull(02) / out_isdud /      0.00000 para top(01)
Mensaje Y / 00:00:00:900 / bull(02) / out_bulletready /      1.00000 para top(01)
Mensaje D / 00:00:00:900 / bull(02) / ... para top(01)
Mensaje Y / 00:00:00:900 / top(01) / out_isdud /      0.00000 para Root(00)
Mensaje D / 00:00:00:900 / top(01) / ... para Root(00)
Mensaje X / 00:00:01:000 / Root(00) / in_bulletready /      1.00000 para top(01)
Mensaje X / 00:00:01:000 / top(01) / in_bulletready /      1.00000 para bull(02)
Mensaje D / 00:00:01:000 / bull(02) / 00:00:00:000 para top(01)
Mensaje D / 00:00:01:000 / top(01) / 00:00:00:000 para Root(00)
Mensaje * / 00:00:01:000 / Root(00) para top(01)
Mensaje * / 00:00:01:000 / top(01) para bull(02)
Mensaje Y / 00:00:01:000 / bull(02) / out_isdud /      0.00000 para top(01)
Mensaje Y / 00:00:01:000 / bull(02) / out_bulletready /      1.00000 para top(01)
Mensaje D / 00:00:01:000 / bull(02) / ... para top(01)
Mensaje Y / 00:00:01:000 / top(01) / out_isdud /      0.00000 para Root(00)
Mensaje D / 00:00:01:000 / top(01) / ... para Root(00)
Mensaje X / 00:00:01:100 / Root(00) / in_bulletready /      1.00000 para top(01)
Mensaje X / 00:00:01:100 / top(01) / in_bulletready /      1.00000 para bull(02)
Mensaje D / 00:00:01:100 / bull(02) / 00:00:00:000 para top(01)
Mensaje D / 00:00:01:100 / top(01) / 00:00:00:000 para Root(00)
Mensaje * / 00:00:01:100 / Root(00) para top(01)
Mensaje * / 00:00:01:100 / top(01) para bull(02)
Mensaje Y / 00:00:01:100 / bull(02) / out_isdud /      0.00000 para top(01)
Mensaje Y / 00:00:01:100 / bull(02) / out_bulletready /      1.00000 para top(01)
Mensaje D / 00:00:01:100 / bull(02) / ... para top(01)
Mensaje Y / 00:00:01:100 / top(01) / out_isdud /      0.00000 para Root(00)
Mensaje D / 00:00:01:100 / top(01) / ... para Root(00)
