Mensaje I / 00:00:00:000 / Root(00) para top(01)
Mensaje I / 00:00:00:000 / top(01) para chbr(02)
Mensaje D / 00:00:00:000 / chbr(02) / ... para top(01)
Mensaje D / 00:00:00:000 / top(01) / ... para Root(00)
Mensaje X / 00:00:00:100 / Root(00) / in_isdud /      0.00000 para top(01)
Mensaje X / 00:00:00:100 / top(01) / in_isdud /      0.00000 para chbr(02)
Mensaje D / 00:00:00:100 / chbr(02) / ... para top(01)
Mensaje D / 00:00:00:100 / top(01) / ... para Root(00)
Mensaje X / 00:00:00:200 / Root(00) / in_bulletloaded /      1.00000 para top(01)
Mensaje X / 00:00:00:200 / top(01) / in_bulletloaded /      1.00000 para chbr(02)
Mensaje D / 00:00:00:200 / chbr(02) / 00:00:00:020 para top(01)
Mensaje D / 00:00:00:200 / top(01) / 00:00:00:020 para Root(00)
Mensaje * / 00:00:00:220 / Root(00) para top(01)
Mensaje * / 00:00:00:220 / top(01) para chbr(02)
Mensaje Y / 00:00:00:220 / chbr(02) / out_boltback /      1.00000 para top(01)
Mensaje Y / 00:00:00:220 / chbr(02) / out_bulletfired /      1.00000 para top(01)
Mensaje Y / 00:00:00:220 / chbr(02) / out_casing /      1.00000 para top(01)
Mensaje D / 00:00:00:220 / chbr(02) / ... para top(01)
Mensaje Y / 00:00:00:220 / top(01) / out_boltback /      1.00000 para Root(00)
Mensaje Y / 00:00:00:220 / top(01) / out_bulletfired /      1.00000 para Root(00)
Mensaje Y / 00:00:00:220 / top(01) / out_casing /      1.00000 para Root(00)
Mensaje D / 00:00:00:220 / top(01) / ... para Root(00)
Mensaje X / 00:00:00:300 / Root(00) / in_isdud /      0.00000 para top(01)
Mensaje X / 00:00:00:300 / top(01) / in_isdud /      0.00000 para chbr(02)
Mensaje D / 00:00:00:300 / chbr(02) / ... para top(01)
Mensaje D / 00:00:00:300 / top(01) / ... para Root(00)
Mensaje X / 00:00:00:400 / Root(00) / in_isdud /      0.00000 para top(01)
Mensaje X / 00:00:00:400 / top(01) / in_isdud /      0.00000 para chbr(02)
Mensaje D / 00:00:00:400 / chbr(02) / ... para top(01)
Mensaje D / 00:00:00:400 / top(01) / ... para Root(00)
Mensaje X / 00:00:00:500 / Root(00) / in_isdud /      0.00000 para top(01)
Mensaje X / 00:00:00:500 / top(01) / in_isdud /      0.00000 para chbr(02)
Mensaje D / 00:00:00:500 / chbr(02) / ... para top(01)
Mensaje D / 00:00:00:500 / top(01) / ... para Root(00)
Mensaje X / 00:00:00:600 / Root(00) / in_bulletloaded /      1.00000 para top(01)
Mensaje X / 00:00:00:600 / top(01) / in_bulletloaded /      1.00000 para chbr(02)
Mensaje D / 00:00:00:600 / chbr(02) / 00:00:00:020 para top(01)
Mensaje D / 00:00:00:600 / top(01) / 00:00:00:020 para Root(00)
Mensaje * / 00:00:00:620 / Root(00) para top(01)
Mensaje * / 00:00:00:620 / top(01) para chbr(02)
Mensaje Y / 00:00:00:620 / chbr(02) / out_boltback /      1.00000 para top(01)
Mensaje Y / 00:00:00:620 / chbr(02) / out_bulletfired /      1.00000 para top(01)
Mensaje Y / 00:00:00:620 / chbr(02) / out_casing /      1.00000 para top(01)
Mensaje D / 00:00:00:620 / chbr(02) / ... para top(01)
Mensaje Y / 00:00:00:620 / top(01) / out_boltback /      1.00000 para Root(00)
Mensaje Y / 00:00:00:620 / top(01) / out_bulletfired /      1.00000 para Root(00)
Mensaje Y / 00:00:00:620 / top(01) / out_casing /      1.00000 para Root(00)
Mensaje D / 00:00:00:620 / top(01) / ... para Root(00)
Mensaje X / 00:00:00:700 / Root(00) / in_bulletloaded /      1.00000 para top(01)
Mensaje X / 00:00:00:700 / top(01) / in_bulletloaded /      1.00000 para chbr(02)
Mensaje D / 00:00:00:700 / chbr(02) / 00:00:00:020 para top(01)
Mensaje D / 00:00:00:700 / top(01) / 00:00:00:020 para Root(00)
Mensaje * / 00:00:00:720 / Root(00) para top(01)
Mensaje * / 00:00:00:720 / top(01) para chbr(02)
Mensaje D / 00:00:00:720 / chbr(02) / ... para top(01)
Mensaje D / 00:00:00:720 / top(01) / ... para Root(00)
Mensaje X / 00:00:00:800 / Root(00) / in_bulletloaded /      1.00000 para top(01)
Mensaje X / 00:00:00:800 / top(01) / in_bulletloaded /      1.00000 para chbr(02)
Mensaje D / 00:00:00:800 / chbr(02) / 00:00:00:020 para top(01)
Mensaje D / 00:00:00:800 / top(01) / 00:00:00:020 para Root(00)
Mensaje * / 00:00:00:820 / Root(00) para top(01)
Mensaje * / 00:00:00:820 / top(01) para chbr(02)
Mensaje D / 00:00:00:820 / chbr(02) / ... para top(01)
Mensaje D / 00:00:00:820 / top(01) / ... para Root(00)
Mensaje X / 00:00:00:900 / Root(00) / in_isdud /      1.00000 para top(01)
Mensaje X / 00:00:00:900 / top(01) / in_isdud /      1.00000 para chbr(02)
Mensaje D / 00:00:00:900 / chbr(02) / ... para top(01)
Mensaje D / 00:00:00:900 / top(01) / ... para Root(00)
Mensaje X / 00:00:01:000 / Root(00) / in_bulletloaded /      1.00000 para top(01)
Mensaje X / 00:00:01:000 / top(01) / in_bulletloaded /      1.00000 para chbr(02)
Mensaje D / 00:00:01:000 / chbr(02) / 00:00:00:020 para top(01)
Mensaje D / 00:00:01:000 / top(01) / 00:00:00:020 para Root(00)
Mensaje * / 00:00:01:020 / Root(00) para top(01)
Mensaje * / 00:00:01:020 / top(01) para chbr(02)
Mensaje D / 00:00:01:020 / chbr(02) / ... para top(01)
Mensaje D / 00:00:01:020 / top(01) / ... para Root(00)
Mensaje X / 00:00:01:100 / Root(00) / in_isdud /      0.00000 para top(01)
Mensaje X / 00:00:01:100 / top(01) / in_isdud /      0.00000 para chbr(02)
Mensaje D / 00:00:01:100 / chbr(02) / ... para top(01)
Mensaje D / 00:00:01:100 / top(01) / ... para Root(00)
Mensaje X / 00:00:01:200 / Root(00) / in_bulletloaded /      0.00000 para top(01)
Mensaje X / 00:00:01:200 / top(01) / in_bulletloaded /      0.00000 para chbr(02)
Mensaje D / 00:00:01:200 / chbr(02) / 00:00:00:020 para top(01)
Mensaje D / 00:00:01:200 / top(01) / 00:00:00:020 para Root(00)
Mensaje * / 00:00:01:220 / Root(00) para top(01)
Mensaje * / 00:00:01:220 / top(01) para chbr(02)
Mensaje D / 00:00:01:220 / chbr(02) / ... para top(01)
Mensaje D / 00:00:01:220 / top(01) / ... para Root(00)
Mensaje X / 00:00:01:300 / Root(00) / in_bulletloaded /      0.00000 para top(01)
Mensaje X / 00:00:01:300 / top(01) / in_bulletloaded /      0.00000 para chbr(02)
Mensaje D / 00:00:01:300 / chbr(02) / 00:00:00:020 para top(01)
Mensaje D / 00:00:01:300 / top(01) / 00:00:00:020 para Root(00)
Mensaje * / 00:00:01:320 / Root(00) para top(01)
Mensaje * / 00:00:01:320 / top(01) para chbr(02)
Mensaje D / 00:00:01:320 / chbr(02) / ... para top(01)
Mensaje D / 00:00:01:320 / top(01) / ... para Root(00)
Mensaje X / 00:00:01:400 / Root(00) / in_bulletloaded /      0.00000 para top(01)
Mensaje X / 00:00:01:400 / top(01) / in_bulletloaded /      0.00000 para chbr(02)
Mensaje D / 00:00:01:400 / chbr(02) / 00:00:00:020 para top(01)
Mensaje D / 00:00:01:400 / top(01) / 00:00:00:020 para Root(00)
Mensaje * / 00:00:01:420 / Root(00) para top(01)
Mensaje * / 00:00:01:420 / top(01) para chbr(02)
Mensaje D / 00:00:01:420 / chbr(02) / ... para top(01)
Mensaje D / 00:00:01:420 / top(01) / ... para Root(00)
Mensaje X / 00:00:01:500 / Root(00) / in_bulletloaded /      0.00000 para top(01)
Mensaje X / 00:00:01:500 / top(01) / in_bulletloaded /      0.00000 para chbr(02)
Mensaje D / 00:00:01:500 / chbr(02) / 00:00:00:020 para top(01)
Mensaje D / 00:00:01:500 / top(01) / 00:00:00:020 para Root(00)
Mensaje * / 00:00:01:520 / Root(00) para top(01)
Mensaje * / 00:00:01:520 / top(01) para chbr(02)
Mensaje D / 00:00:01:520 / chbr(02) / ... para top(01)
Mensaje D / 00:00:01:520 / top(01) / ... para Root(00)
