Mensaje I / 00:00:00:000 / Root(00) para top(01)
Mensaje I / 00:00:00:000 / top(01) para mag(02)
Mensaje D / 00:00:00:000 / mag(02) / ... para top(01)
Mensaje D / 00:00:00:000 / top(01) / ... para Root(00)
Mensaje X / 00:00:00:100 / Root(00) / in_initmagseating /      1.00000 para top(01)
Mensaje X / 00:00:00:100 / top(01) / in_initmagseating /      1.00000 para mag(02)
Mensaje D / 00:00:00:100 / mag(02) / 00:00:00:000 para top(01)
Mensaje D / 00:00:00:100 / top(01) / 00:00:00:000 para Root(00)
Mensaje X / 00:00:00:100 / Root(00) / in_initbullets /     10.00000 para top(01)
Mensaje X / 00:00:00:100 / top(01) / in_initbullets /     10.00000 para mag(02)
Mensaje D / 00:00:00:100 / mag(02) / 00:00:00:000 para top(01)
Mensaje D / 00:00:00:100 / top(01) / 00:00:00:000 para Root(00)
Mensaje * / 00:00:00:100 / Root(00) para top(01)
Mensaje * / 00:00:00:100 / top(01) para mag(02)
Mensaje Y / 00:00:00:100 / mag(02) / out_bulletready /      1.00000 para top(01)
Mensaje D / 00:00:00:100 / mag(02) / ... para top(01)
Mensaje Y / 00:00:00:100 / top(01) / out_bulletready /      1.00000 para Root(00)
Mensaje D / 00:00:00:100 / top(01) / ... para Root(00)
Mensaje X / 00:00:00:300 / Root(00) / in_bulletloaded /      1.00000 para top(01)
Mensaje X / 00:00:00:300 / top(01) / in_bulletloaded /      1.00000 para mag(02)
Mensaje D / 00:00:00:300 / mag(02) / 00:00:00:000 para top(01)
Mensaje D / 00:00:00:300 / top(01) / 00:00:00:000 para Root(00)
Mensaje * / 00:00:00:300 / Root(00) para top(01)
Mensaje * / 00:00:00:300 / top(01) para mag(02)
Mensaje Y / 00:00:00:300 / mag(02) / out_bulletready /      1.00000 para top(01)
Mensaje D / 00:00:00:300 / mag(02) / ... para top(01)
Mensaje Y / 00:00:00:300 / top(01) / out_bulletready /      1.00000 para Root(00)
Mensaje D / 00:00:00:300 / top(01) / ... para Root(00)
Mensaje X / 00:00:00:400 / Root(00) / in_bulletloaded /      1.00000 para top(01)
Mensaje X / 00:00:00:400 / top(01) / in_bulletloaded /      1.00000 para mag(02)
Mensaje D / 00:00:00:400 / mag(02) / 00:00:00:000 para top(01)
Mensaje D / 00:00:00:400 / top(01) / 00:00:00:000 para Root(00)
Mensaje * / 00:00:00:400 / Root(00) para top(01)
Mensaje * / 00:00:00:400 / top(01) para mag(02)
Mensaje Y / 00:00:00:400 / mag(02) / out_bulletready /      1.00000 para top(01)
Mensaje D / 00:00:00:400 / mag(02) / ... para top(01)
Mensaje Y / 00:00:00:400 / top(01) / out_bulletready /      1.00000 para Root(00)
Mensaje D / 00:00:00:400 / top(01) / ... para Root(00)
Mensaje X / 00:00:00:500 / Root(00) / in_bulletloaded /      1.00000 para top(01)
Mensaje X / 00:00:00:500 / top(01) / in_bulletloaded /      1.00000 para mag(02)
Mensaje D / 00:00:00:500 / mag(02) / 00:00:00:000 para top(01)
Mensaje D / 00:00:00:500 / top(01) / 00:00:00:000 para Root(00)
Mensaje * / 00:00:00:500 / Root(00) para top(01)
Mensaje * / 00:00:00:500 / top(01) para mag(02)
Mensaje Y / 00:00:00:500 / mag(02) / out_bulletready /      1.00000 para top(01)
Mensaje D / 00:00:00:500 / mag(02) / ... para top(01)
Mensaje Y / 00:00:00:500 / top(01) / out_bulletready /      1.00000 para Root(00)
Mensaje D / 00:00:00:500 / top(01) / ... para Root(00)
Mensaje X / 00:00:00:600 / Root(00) / in_bulletloaded /      1.00000 para top(01)
Mensaje X / 00:00:00:600 / top(01) / in_bulletloaded /      1.00000 para mag(02)
Mensaje D / 00:00:00:600 / mag(02) / 00:00:00:000 para top(01)
Mensaje D / 00:00:00:600 / top(01) / 00:00:00:000 para Root(00)
Mensaje * / 00:00:00:600 / Root(00) para top(01)
Mensaje * / 00:00:00:600 / top(01) para mag(02)
Mensaje Y / 00:00:00:600 / mag(02) / out_bulletready /      1.00000 para top(01)
Mensaje D / 00:00:00:600 / mag(02) / ... para top(01)
Mensaje Y / 00:00:00:600 / top(01) / out_bulletready /      1.00000 para Root(00)
Mensaje D / 00:00:00:600 / top(01) / ... para Root(00)
Mensaje X / 00:00:00:700 / Root(00) / in_bulletloaded /      1.00000 para top(01)
Mensaje X / 00:00:00:700 / top(01) / in_bulletloaded /      1.00000 para mag(02)
Mensaje D / 00:00:00:700 / mag(02) / 00:00:00:000 para top(01)
Mensaje D / 00:00:00:700 / top(01) / 00:00:00:000 para Root(00)
Mensaje * / 00:00:00:700 / Root(00) para top(01)
Mensaje * / 00:00:00:700 / top(01) para mag(02)
Mensaje Y / 00:00:00:700 / mag(02) / out_bulletready /      1.00000 para top(01)
Mensaje D / 00:00:00:700 / mag(02) / ... para top(01)
Mensaje Y / 00:00:00:700 / top(01) / out_bulletready /      1.00000 para Root(00)
Mensaje D / 00:00:00:700 / top(01) / ... para Root(00)
Mensaje X / 00:00:00:800 / Root(00) / in_bulletloaded /      1.00000 para top(01)
Mensaje X / 00:00:00:800 / top(01) / in_bulletloaded /      1.00000 para mag(02)
Mensaje D / 00:00:00:800 / mag(02) / 00:00:00:000 para top(01)
Mensaje D / 00:00:00:800 / top(01) / 00:00:00:000 para Root(00)
Mensaje * / 00:00:00:800 / Root(00) para top(01)
Mensaje * / 00:00:00:800 / top(01) para mag(02)
Mensaje Y / 00:00:00:800 / mag(02) / out_bulletready /      1.00000 para top(01)
Mensaje D / 00:00:00:800 / mag(02) / ... para top(01)
Mensaje Y / 00:00:00:800 / top(01) / out_bulletready /      1.00000 para Root(00)
Mensaje D / 00:00:00:800 / top(01) / ... para Root(00)
Mensaje X / 00:00:00:900 / Root(00) / in_bulletloaded /      1.00000 para top(01)
Mensaje X / 00:00:00:900 / top(01) / in_bulletloaded /      1.00000 para mag(02)
Mensaje D / 00:00:00:900 / mag(02) / 00:00:00:000 para top(01)
Mensaje D / 00:00:00:900 / top(01) / 00:00:00:000 para Root(00)
Mensaje * / 00:00:00:900 / Root(00) para top(01)
Mensaje * / 00:00:00:900 / top(01) para mag(02)
Mensaje Y / 00:00:00:900 / mag(02) / out_bulletready /      1.00000 para top(01)
Mensaje D / 00:00:00:900 / mag(02) / ... para top(01)
Mensaje Y / 00:00:00:900 / top(01) / out_bulletready /      1.00000 para Root(00)
Mensaje D / 00:00:00:900 / top(01) / ... para Root(00)
Mensaje X / 00:00:01:000 / Root(00) / in_bulletloaded /      1.00000 para top(01)
Mensaje X / 00:00:01:000 / top(01) / in_bulletloaded /      1.00000 para mag(02)
Mensaje D / 00:00:01:000 / mag(02) / 00:00:00:000 para top(01)
Mensaje D / 00:00:01:000 / top(01) / 00:00:00:000 para Root(00)
Mensaje * / 00:00:01:000 / Root(00) para top(01)
Mensaje * / 00:00:01:000 / top(01) para mag(02)
Mensaje Y / 00:00:01:000 / mag(02) / out_bulletready /      1.00000 para top(01)
Mensaje D / 00:00:01:000 / mag(02) / ... para top(01)
Mensaje Y / 00:00:01:000 / top(01) / out_bulletready /      1.00000 para Root(00)
Mensaje D / 00:00:01:000 / top(01) / ... para Root(00)
Mensaje X / 00:00:01:100 / Root(00) / in_bulletloaded /      1.00000 para top(01)
Mensaje X / 00:00:01:100 / top(01) / in_bulletloaded /      1.00000 para mag(02)
Mensaje D / 00:00:01:100 / mag(02) / 00:00:00:000 para top(01)
Mensaje D / 00:00:01:100 / top(01) / 00:00:00:000 para Root(00)
Mensaje * / 00:00:01:100 / Root(00) para top(01)
Mensaje * / 00:00:01:100 / top(01) para mag(02)
Mensaje Y / 00:00:01:100 / mag(02) / out_bulletready /      1.00000 para top(01)
Mensaje D / 00:00:01:100 / mag(02) / ... para top(01)
Mensaje Y / 00:00:01:100 / top(01) / out_bulletready /      1.00000 para Root(00)
Mensaje D / 00:00:01:100 / top(01) / ... para Root(00)
Mensaje X / 00:00:01:300 / Root(00) / in_bulletloaded /      1.00000 para top(01)
Mensaje X / 00:00:01:300 / top(01) / in_bulletloaded /      1.00000 para mag(02)
Mensaje D / 00:00:01:300 / mag(02) / 00:00:00:000 para top(01)
Mensaje D / 00:00:01:300 / top(01) / 00:00:00:000 para Root(00)
Mensaje * / 00:00:01:300 / Root(00) para top(01)
Mensaje * / 00:00:01:300 / top(01) para mag(02)
Mensaje Y / 00:00:01:300 / mag(02) / out_bulletready /      1.00000 para top(01)
Mensaje D / 00:00:01:300 / mag(02) / ... para top(01)
Mensaje Y / 00:00:01:300 / top(01) / out_bulletready /      1.00000 para Root(00)
Mensaje D / 00:00:01:300 / top(01) / ... para Root(00)
Mensaje X / 00:00:01:400 / Root(00) / in_bulletloaded /      1.00000 para top(01)
Mensaje X / 00:00:01:400 / top(01) / in_bulletloaded /      1.00000 para mag(02)
Mensaje D / 00:00:01:400 / mag(02) / 00:00:00:000 para top(01)
Mensaje D / 00:00:01:400 / top(01) / 00:00:00:000 para Root(00)
Mensaje * / 00:00:01:400 / Root(00) para top(01)
Mensaje * / 00:00:01:400 / top(01) para mag(02)
Mensaje Y / 00:00:01:400 / mag(02) / out_bulletready /      0.00000 para top(01)
Mensaje D / 00:00:01:400 / mag(02) / ... para top(01)
Mensaje Y / 00:00:01:400 / top(01) / out_bulletready /      0.00000 para Root(00)
Mensaje D / 00:00:01:400 / top(01) / ... para Root(00)
Mensaje X / 00:00:01:500 / Root(00) / in_bulletloaded /      1.00000 para top(01)
Mensaje X / 00:00:01:500 / top(01) / in_bulletloaded /      1.00000 para mag(02)
Mensaje D / 00:00:01:500 / mag(02) / 00:00:00:000 para top(01)
Mensaje D / 00:00:01:500 / top(01) / 00:00:00:000 para Root(00)
Mensaje * / 00:00:01:500 / Root(00) para top(01)
Mensaje * / 00:00:01:500 / top(01) para mag(02)
Mensaje Y / 00:00:01:500 / mag(02) / out_bulletready /      0.00000 para top(01)
Mensaje D / 00:00:01:500 / mag(02) / ... para top(01)
Mensaje Y / 00:00:01:500 / top(01) / out_bulletready /      0.00000 para Root(00)
Mensaje D / 00:00:01:500 / top(01) / ... para Root(00)
Mensaje X / 00:00:01:600 / Root(00) / in_initmagseating /      0.00000 para top(01)
Mensaje X / 00:00:01:600 / top(01) / in_initmagseating /      0.00000 para mag(02)
Mensaje D / 00:00:01:600 / mag(02) / 00:00:00:000 para top(01)
Mensaje D / 00:00:01:600 / top(01) / 00:00:00:000 para Root(00)
Mensaje X / 00:00:01:600 / Root(00) / in_initbullets /     10.00000 para top(01)
Mensaje X / 00:00:01:600 / top(01) / in_initbullets /     10.00000 para mag(02)
Mensaje D / 00:00:01:600 / mag(02) / 00:00:00:000 para top(01)
Mensaje D / 00:00:01:600 / top(01) / 00:00:00:000 para Root(00)
Mensaje * / 00:00:01:600 / Root(00) para top(01)
Mensaje * / 00:00:01:600 / top(01) para mag(02)
Mensaje Y / 00:00:01:600 / mag(02) / out_bulletready /      0.00000 para top(01)
Mensaje D / 00:00:01:600 / mag(02) / ... para top(01)
Mensaje Y / 00:00:01:600 / top(01) / out_bulletready /      0.00000 para Root(00)
Mensaje D / 00:00:01:600 / top(01) / ... para Root(00)
Mensaje X / 00:00:01:800 / Root(00) / in_bulletloaded /      1.00000 para top(01)
Mensaje X / 00:00:01:800 / top(01) / in_bulletloaded /      1.00000 para mag(02)
Mensaje D / 00:00:01:800 / mag(02) / 00:00:00:000 para top(01)
Mensaje D / 00:00:01:800 / top(01) / 00:00:00:000 para Root(00)
Mensaje * / 00:00:01:800 / Root(00) para top(01)
Mensaje * / 00:00:01:800 / top(01) para mag(02)
Mensaje Y / 00:00:01:800 / mag(02) / out_bulletready /      0.00000 para top(01)
Mensaje D / 00:00:01:800 / mag(02) / ... para top(01)
Mensaje Y / 00:00:01:800 / top(01) / out_bulletready /      0.00000 para Root(00)
Mensaje D / 00:00:01:800 / top(01) / ... para Root(00)
Mensaje X / 00:00:01:900 / Root(00) / in_bulletloaded /      1.00000 para top(01)
Mensaje X / 00:00:01:900 / top(01) / in_bulletloaded /      1.00000 para mag(02)
Mensaje D / 00:00:01:900 / mag(02) / 00:00:00:000 para top(01)
Mensaje D / 00:00:01:900 / top(01) / 00:00:00:000 para Root(00)
Mensaje * / 00:00:01:900 / Root(00) para top(01)
Mensaje * / 00:00:01:900 / top(01) para mag(02)
Mensaje Y / 00:00:01:900 / mag(02) / out_bulletready /      0.00000 para top(01)
Mensaje D / 00:00:01:900 / mag(02) / ... para top(01)
Mensaje Y / 00:00:01:900 / top(01) / out_bulletready /      0.00000 para Root(00)
Mensaje D / 00:00:01:900 / top(01) / ... para Root(00)
Mensaje X / 00:00:02:000 / Root(00) / in_bulletloaded /      1.00000 para top(01)
Mensaje X / 00:00:02:000 / top(01) / in_bulletloaded /      1.00000 para mag(02)
Mensaje D / 00:00:02:000 / mag(02) / 00:00:00:000 para top(01)
Mensaje D / 00:00:02:000 / top(01) / 00:00:00:000 para Root(00)
Mensaje * / 00:00:02:000 / Root(00) para top(01)
Mensaje * / 00:00:02:000 / top(01) para mag(02)
Mensaje Y / 00:00:02:000 / mag(02) / out_bulletready /      0.00000 para top(01)
Mensaje D / 00:00:02:000 / mag(02) / ... para top(01)
Mensaje Y / 00:00:02:000 / top(01) / out_bulletready /      0.00000 para Root(00)
Mensaje D / 00:00:02:000 / top(01) / ... para Root(00)
