Mensaje I / 00:00:00:000 / Root(00) para top(01)
Mensaje I / 00:00:00:000 / top(01) para magassy(02)
Mensaje I / 00:00:00:000 / top(01) para ta(05)
Mensaje I / 00:00:00:000 / top(01) para ba(06)
Mensaje I / 00:00:00:000 / top(01) para chbr(07)
Mensaje I / 00:00:00:000 / magassy(02) para mag(03)
Mensaje I / 00:00:00:000 / magassy(02) para bull(04)
Mensaje D / 00:00:00:000 / ta(05) / ... para top(01)
Mensaje D / 00:00:00:000 / ba(06) / ... para top(01)
Mensaje D / 00:00:00:000 / chbr(07) / ... para top(01)
Mensaje D / 00:00:00:000 / mag(03) / ... para magassy(02)
Mensaje D / 00:00:00:000 / bull(04) / ... para magassy(02)
Mensaje D / 00:00:00:000 / magassy(02) / ... para top(01)
Mensaje D / 00:00:00:000 / top(01) / ... para Root(00)
Mensaje X / 00:00:00:100 / Root(00) / ininitmagseating /      1.00000 para top(01)
Mensaje X / 00:00:00:100 / top(01) / in_initmagseating /      1.00000 para magassy(02)
Mensaje X / 00:00:00:100 / magassy(02) / in_initmagseating /      1.00000 para mag(03)
Mensaje D / 00:00:00:100 / mag(03) / 00:00:00:000 para magassy(02)
Mensaje D / 00:00:00:100 / magassy(02) / 00:00:00:000 para top(01)
Mensaje D / 00:00:00:100 / top(01) / 00:00:00:000 para Root(00)
Mensaje X / 00:00:00:100 / Root(00) / ininitbullets /     10.00000 para top(01)
Mensaje X / 00:00:00:100 / top(01) / in_initbullets /     10.00000 para magassy(02)
Mensaje X / 00:00:00:100 / magassy(02) / in_initbullets /     10.00000 para mag(03)
Mensaje D / 00:00:00:100 / mag(03) / 00:00:00:000 para magassy(02)
Mensaje D / 00:00:00:100 / magassy(02) / 00:00:00:000 para top(01)
Mensaje D / 00:00:00:100 / top(01) / 00:00:00:000 para Root(00)
Mensaje * / 00:00:00:100 / Root(00) para top(01)
Mensaje * / 00:00:00:100 / top(01) para magassy(02)
Mensaje * / 00:00:00:100 / magassy(02) para mag(03)
Mensaje Y / 00:00:00:100 / mag(03) / out_bulletready /      1.00000 para magassy(02)
Mensaje D / 00:00:00:100 / mag(03) / ... para magassy(02)
Mensaje X / 00:00:00:100 / magassy(02) / in_bulletready /      1.00000 para bull(04)
Mensaje D / 00:00:00:100 / bull(04) / 00:00:00:000 para magassy(02)
Mensaje D / 00:00:00:100 / magassy(02) / 00:00:00:000 para top(01)
Mensaje D / 00:00:00:100 / top(01) / 00:00:00:000 para Root(00)
Mensaje * / 00:00:00:100 / Root(00) para top(01)
Mensaje * / 00:00:00:100 / top(01) para magassy(02)
Mensaje * / 00:00:00:100 / magassy(02) para bull(04)
Mensaje Y / 00:00:00:100 / bull(04) / out_isdud /      0.00000 para magassy(02)
Mensaje Y / 00:00:00:100 / bull(04) / out_bulletready /      1.00000 para magassy(02)
Mensaje D / 00:00:00:100 / bull(04) / ... para magassy(02)
Mensaje Y / 00:00:00:100 / magassy(02) / out_isdud /      0.00000 para top(01)
Mensaje Y / 00:00:00:100 / magassy(02) / out_bulletready /      1.00000 para top(01)
Mensaje D / 00:00:00:100 / magassy(02) / ... para top(01)
Mensaje X / 00:00:00:100 / top(01) / in_isdud /      0.00000 para chbr(07)
Mensaje X / 00:00:00:100 / top(01) / in_bulletready /      1.00000 para ba(06)
Mensaje D / 00:00:00:100 / chbr(07) / ... para top(01)
Mensaje D / 00:00:00:100 / ba(06) / 00:00:00:050 para top(01)
Mensaje D / 00:00:00:100 / top(01) / 00:00:00:050 para Root(00)
Mensaje * / 00:00:00:150 / Root(00) para top(01)
Mensaje * / 00:00:00:150 / top(01) para ba(06)
Mensaje D / 00:00:00:150 / ba(06) / ... para top(01)
Mensaje D / 00:00:00:150 / top(01) / ... para Root(00)
Mensaje X / 00:00:00:200 / Root(00) / infiringselector /      2.00000 para top(01)
Mensaje X / 00:00:00:200 / top(01) / in_firingselector /      2.00000 para ta(05)
Mensaje D / 00:00:00:200 / ta(05) / 00:00:00:010 para top(01)
Mensaje D / 00:00:00:200 / top(01) / 00:00:00:010 para Root(00)
Mensaje * / 00:00:00:210 / Root(00) para top(01)
Mensaje * / 00:00:00:210 / top(01) para ta(05)
Mensaje D / 00:00:00:210 / ta(05) / ... para top(01)
Mensaje D / 00:00:00:210 / top(01) / ... para Root(00)
Mensaje X / 00:00:00:300 / Root(00) / inhandleposn /      1.00000 para top(01)
Mensaje X / 00:00:00:300 / top(01) / in_boltback /      1.00000 para ba(06)
Mensaje D / 00:00:00:300 / ba(06) / 00:00:00:050 para top(01)
Mensaje D / 00:00:00:300 / top(01) / 00:00:00:050 para Root(00)
Mensaje * / 00:00:00:350 / Root(00) para top(01)
Mensaje * / 00:00:00:350 / top(01) para ba(06)
Mensaje D / 00:00:00:350 / ba(06) / ... para top(01)
Mensaje D / 00:00:00:350 / top(01) / ... para Root(00)
Mensaje X / 00:00:00:400 / Root(00) / intriggerpressed /      1.00000 para top(01)
Mensaje X / 00:00:00:400 / top(01) / in_triggerpressed /      1.00000 para ta(05)
Mensaje D / 00:00:00:400 / ta(05) / 00:00:00:010 para top(01)
Mensaje D / 00:00:00:400 / top(01) / 00:00:00:010 para Root(00)
Mensaje * / 00:00:00:410 / Root(00) para top(01)
Mensaje * / 00:00:00:410 / top(01) para ta(05)
Mensaje Y / 00:00:00:410 / ta(05) / out_releasebolt /      1.00000 para top(01)
Mensaje D / 00:00:00:410 / ta(05) / ... para top(01)
Mensaje X / 00:00:00:410 / top(01) / in_releasebolt /      1.00000 para ba(06)
Mensaje D / 00:00:00:410 / ba(06) / 00:00:00:050 para top(01)
Mensaje D / 00:00:00:410 / top(01) / 00:00:00:050 para Root(00)
Mensaje * / 00:00:00:460 / Root(00) para top(01)
Mensaje * / 00:00:00:460 / top(01) para ba(06)
Mensaje Y / 00:00:00:460 / ba(06) / out_bulletloaded /      1.00000 para top(01)
Mensaje Y / 00:00:00:460 / ba(06) / out_boltposn /      0.00000 para top(01)
Mensaje D / 00:00:00:460 / ba(06) / ... para top(01)
Mensaje X / 00:00:00:460 / top(01) / in_bulletloaded /      1.00000 para magassy(02)
Mensaje X / 00:00:00:460 / top(01) / in_bulletloaded /      1.00000 para chbr(07)
Mensaje Y / 00:00:00:460 / top(01) / outboltposn /      0.00000 para Root(00)
Mensaje X / 00:00:00:460 / magassy(02) / in_bulletloaded /      1.00000 para mag(03)
Mensaje D / 00:00:00:460 / chbr(07) / 00:00:00:020 para top(01)
Mensaje D / 00:00:00:460 / mag(03) / 00:00:00:000 para magassy(02)
Mensaje D / 00:00:00:460 / magassy(02) / 00:00:00:000 para top(01)
Mensaje D / 00:00:00:460 / top(01) / 00:00:00:000 para Root(00)
Mensaje * / 00:00:00:460 / Root(00) para top(01)
Mensaje * / 00:00:00:460 / top(01) para magassy(02)
Mensaje * / 00:00:00:460 / magassy(02) para mag(03)
Mensaje Y / 00:00:00:460 / mag(03) / out_bulletready /      1.00000 para magassy(02)
Mensaje D / 00:00:00:460 / mag(03) / ... para magassy(02)
Mensaje X / 00:00:00:460 / magassy(02) / in_bulletready /      1.00000 para bull(04)
Mensaje D / 00:00:00:460 / bull(04) / 00:00:00:000 para magassy(02)
Mensaje D / 00:00:00:460 / magassy(02) / 00:00:00:000 para top(01)
Mensaje D / 00:00:00:460 / top(01) / 00:00:00:000 para Root(00)
Mensaje * / 00:00:00:460 / Root(00) para top(01)
Mensaje * / 00:00:00:460 / top(01) para magassy(02)
Mensaje * / 00:00:00:460 / magassy(02) para bull(04)
Mensaje Y / 00:00:00:460 / bull(04) / out_isdud /      0.00000 para magassy(02)
Mensaje Y / 00:00:00:460 / bull(04) / out_bulletready /      1.00000 para magassy(02)
Mensaje D / 00:00:00:460 / bull(04) / ... para magassy(02)
Mensaje Y / 00:00:00:460 / magassy(02) / out_isdud /      0.00000 para top(01)
Mensaje Y / 00:00:00:460 / magassy(02) / out_bulletready /      1.00000 para top(01)
Mensaje D / 00:00:00:460 / magassy(02) / ... para top(01)
Mensaje X / 00:00:00:460 / top(01) / in_isdud /      0.00000 para chbr(07)
Mensaje X / 00:00:00:460 / top(01) / in_bulletready /      1.00000 para ba(06)
Mensaje D / 00:00:00:460 / chbr(07) / 00:00:00:020 para top(01)
Mensaje D / 00:00:00:460 / ba(06) / 00:00:00:050 para top(01)
Mensaje D / 00:00:00:460 / top(01) / 00:00:00:020 para Root(00)
Mensaje * / 00:00:00:480 / Root(00) para top(01)
Mensaje * / 00:00:00:480 / top(01) para chbr(07)
Mensaje Y / 00:00:00:480 / chbr(07) / out_boltback /      1.00000 para top(01)
Mensaje Y / 00:00:00:480 / chbr(07) / out_bulletfired /      1.00000 para top(01)
Mensaje Y / 00:00:00:480 / chbr(07) / out_casing /      1.00000 para top(01)
Mensaje D / 00:00:00:480 / chbr(07) / ... para top(01)
Mensaje X / 00:00:00:480 / top(01) / in_boltback /      1.00000 para ta(05)
Mensaje X / 00:00:00:480 / top(01) / in_boltback /      1.00000 para ba(06)
Mensaje Y / 00:00:00:480 / top(01) / outbulletfired /      1.00000 para Root(00)
Mensaje Y / 00:00:00:480 / top(01) / outcasing /      1.00000 para Root(00)
Mensaje D / 00:00:00:480 / ta(05) / 00:00:00:010 para top(01)
Mensaje D / 00:00:00:480 / ba(06) / 00:00:00:050 para top(01)
Mensaje D / 00:00:00:480 / top(01) / 00:00:00:010 para Root(00)
Mensaje * / 00:00:00:490 / Root(00) para top(01)
Mensaje * / 00:00:00:490 / top(01) para ta(05)
Mensaje Y / 00:00:00:490 / ta(05) / out_releasebolt /      1.00000 para top(01)
Mensaje D / 00:00:00:490 / ta(05) / ... para top(01)
Mensaje X / 00:00:00:490 / top(01) / in_releasebolt /      1.00000 para ba(06)
Mensaje D / 00:00:00:490 / ba(06) / 00:00:00:050 para top(01)
Mensaje D / 00:00:00:490 / top(01) / 00:00:00:050 para Root(00)
Mensaje * / 00:00:00:540 / Root(00) para top(01)
Mensaje * / 00:00:00:540 / top(01) para ba(06)
Mensaje Y / 00:00:00:540 / ba(06) / out_bulletloaded /      1.00000 para top(01)
Mensaje Y / 00:00:00:540 / ba(06) / out_boltposn /      0.00000 para top(01)
Mensaje D / 00:00:00:540 / ba(06) / ... para top(01)
Mensaje X / 00:00:00:540 / top(01) / in_bulletloaded /      1.00000 para magassy(02)
Mensaje X / 00:00:00:540 / top(01) / in_bulletloaded /      1.00000 para chbr(07)
Mensaje Y / 00:00:00:540 / top(01) / outboltposn /      0.00000 para Root(00)
Mensaje X / 00:00:00:540 / magassy(02) / in_bulletloaded /      1.00000 para mag(03)
Mensaje D / 00:00:00:540 / chbr(07) / 00:00:00:020 para top(01)
Mensaje D / 00:00:00:540 / mag(03) / 00:00:00:000 para magassy(02)
Mensaje D / 00:00:00:540 / magassy(02) / 00:00:00:000 para top(01)
Mensaje D / 00:00:00:540 / top(01) / 00:00:00:000 para Root(00)
Mensaje * / 00:00:00:540 / Root(00) para top(01)
Mensaje * / 00:00:00:540 / top(01) para magassy(02)
Mensaje * / 00:00:00:540 / magassy(02) para mag(03)
Mensaje Y / 00:00:00:540 / mag(03) / out_bulletready /      1.00000 para magassy(02)
Mensaje D / 00:00:00:540 / mag(03) / ... para magassy(02)
Mensaje X / 00:00:00:540 / magassy(02) / in_bulletready /      1.00000 para bull(04)
Mensaje D / 00:00:00:540 / bull(04) / 00:00:00:000 para magassy(02)
Mensaje D / 00:00:00:540 / magassy(02) / 00:00:00:000 para top(01)
Mensaje D / 00:00:00:540 / top(01) / 00:00:00:000 para Root(00)
Mensaje * / 00:00:00:540 / Root(00) para top(01)
Mensaje * / 00:00:00:540 / top(01) para magassy(02)
Mensaje * / 00:00:00:540 / magassy(02) para bull(04)
Mensaje Y / 00:00:00:540 / bull(04) / out_isdud /      0.00000 para magassy(02)
Mensaje Y / 00:00:00:540 / bull(04) / out_bulletready /      1.00000 para magassy(02)
Mensaje D / 00:00:00:540 / bull(04) / ... para magassy(02)
Mensaje Y / 00:00:00:540 / magassy(02) / out_isdud /      0.00000 para top(01)
Mensaje Y / 00:00:00:540 / magassy(02) / out_bulletready /      1.00000 para top(01)
Mensaje D / 00:00:00:540 / magassy(02) / ... para top(01)
Mensaje X / 00:00:00:540 / top(01) / in_isdud /      0.00000 para chbr(07)
Mensaje X / 00:00:00:540 / top(01) / in_bulletready /      1.00000 para ba(06)
Mensaje D / 00:00:00:540 / chbr(07) / 00:00:00:020 para top(01)
Mensaje D / 00:00:00:540 / ba(06) / 00:00:00:050 para top(01)
Mensaje D / 00:00:00:540 / top(01) / 00:00:00:020 para Root(00)
Mensaje * / 00:00:00:560 / Root(00) para top(01)
Mensaje * / 00:00:00:560 / top(01) para chbr(07)
Mensaje Y / 00:00:00:560 / chbr(07) / out_boltback /      1.00000 para top(01)
Mensaje Y / 00:00:00:560 / chbr(07) / out_bulletfired /      1.00000 para top(01)
Mensaje Y / 00:00:00:560 / chbr(07) / out_casing /      1.00000 para top(01)
Mensaje D / 00:00:00:560 / chbr(07) / ... para top(01)
Mensaje X / 00:00:00:560 / top(01) / in_boltback /      1.00000 para ta(05)
Mensaje X / 00:00:00:560 / top(01) / in_boltback /      1.00000 para ba(06)
Mensaje Y / 00:00:00:560 / top(01) / outbulletfired /      1.00000 para Root(00)
Mensaje Y / 00:00:00:560 / top(01) / outcasing /      1.00000 para Root(00)
Mensaje D / 00:00:00:560 / ta(05) / 00:00:00:010 para top(01)
Mensaje D / 00:00:00:560 / ba(06) / 00:00:00:050 para top(01)
Mensaje D / 00:00:00:560 / top(01) / 00:00:00:010 para Root(00)
Mensaje * / 00:00:00:570 / Root(00) para top(01)
Mensaje * / 00:00:00:570 / top(01) para ta(05)
Mensaje Y / 00:00:00:570 / ta(05) / out_releasebolt /      1.00000 para top(01)
Mensaje D / 00:00:00:570 / ta(05) / ... para top(01)
Mensaje X / 00:00:00:570 / top(01) / in_releasebolt /      1.00000 para ba(06)
Mensaje D / 00:00:00:570 / ba(06) / 00:00:00:050 para top(01)
Mensaje D / 00:00:00:570 / top(01) / 00:00:00:050 para Root(00)
Mensaje * / 00:00:00:620 / Root(00) para top(01)
Mensaje * / 00:00:00:620 / top(01) para ba(06)
Mensaje Y / 00:00:00:620 / ba(06) / out_bulletloaded /      0.00000 para top(01)
Mensaje Y / 00:00:00:620 / ba(06) / out_boltposn /      2.00000 para top(01)
Mensaje D / 00:00:00:620 / ba(06) / ... para top(01)
Mensaje X / 00:00:00:620 / top(01) / in_bulletloaded /      0.00000 para magassy(02)
Mensaje X / 00:00:00:620 / top(01) / in_bulletloaded /      0.00000 para chbr(07)
Mensaje Y / 00:00:00:620 / top(01) / outboltposn /      2.00000 para Root(00)
Mensaje X / 00:00:00:620 / magassy(02) / in_bulletloaded /      0.00000 para mag(03)
Mensaje D / 00:00:00:620 / chbr(07) / 00:00:00:020 para top(01)
Mensaje D / 00:00:00:620 / mag(03) / 00:00:00:000 para magassy(02)
Mensaje D / 00:00:00:620 / magassy(02) / 00:00:00:000 para top(01)
Mensaje D / 00:00:00:620 / top(01) / 00:00:00:000 para Root(00)
Mensaje * / 00:00:00:620 / Root(00) para top(01)
Mensaje * / 00:00:00:620 / top(01) para magassy(02)
Mensaje * / 00:00:00:620 / magassy(02) para mag(03)
Mensaje Y / 00:00:00:620 / mag(03) / out_bulletready /      1.00000 para magassy(02)
Mensaje D / 00:00:00:620 / mag(03) / ... para magassy(02)
Mensaje X / 00:00:00:620 / magassy(02) / in_bulletready /      1.00000 para bull(04)
Mensaje D / 00:00:00:620 / bull(04) / 00:00:00:000 para magassy(02)
Mensaje D / 00:00:00:620 / magassy(02) / 00:00:00:000 para top(01)
Mensaje D / 00:00:00:620 / top(01) / 00:00:00:000 para Root(00)
Mensaje * / 00:00:00:620 / Root(00) para top(01)
Mensaje * / 00:00:00:620 / top(01) para magassy(02)
Mensaje * / 00:00:00:620 / magassy(02) para bull(04)
Mensaje Y / 00:00:00:620 / bull(04) / out_isdud /      0.00000 para magassy(02)
Mensaje Y / 00:00:00:620 / bull(04) / out_bulletready /      1.00000 para magassy(02)
Mensaje D / 00:00:00:620 / bull(04) / ... para magassy(02)
Mensaje Y / 00:00:00:620 / magassy(02) / out_isdud /      0.00000 para top(01)
Mensaje Y / 00:00:00:620 / magassy(02) / out_bulletready /      1.00000 para top(01)
Mensaje D / 00:00:00:620 / magassy(02) / ... para top(01)
Mensaje X / 00:00:00:620 / top(01) / in_isdud /      0.00000 para chbr(07)
Mensaje X / 00:00:00:620 / top(01) / in_bulletready /      1.00000 para ba(06)
Mensaje D / 00:00:00:620 / chbr(07) / 00:00:00:020 para top(01)
Mensaje D / 00:00:00:620 / ba(06) / 00:00:00:050 para top(01)
Mensaje D / 00:00:00:620 / top(01) / 00:00:00:020 para Root(00)
Mensaje * / 00:00:00:640 / Root(00) para top(01)
Mensaje * / 00:00:00:640 / top(01) para chbr(07)
Mensaje D / 00:00:00:640 / chbr(07) / ... para top(01)
Mensaje D / 00:00:00:640 / top(01) / 00:00:00:030 para Root(00)
Mensaje * / 00:00:00:670 / Root(00) para top(01)
Mensaje * / 00:00:00:670 / top(01) para ba(06)
Mensaje D / 00:00:00:670 / ba(06) / ... para top(01)
Mensaje D / 00:00:00:670 / top(01) / ... para Root(00)
Mensaje X / 00:00:00:800 / Root(00) / intriggerpressed /      0.00000 para top(01)
Mensaje X / 00:00:00:800 / top(01) / in_triggerpressed /      0.00000 para ta(05)
Mensaje D / 00:00:00:800 / ta(05) / 00:00:00:010 para top(01)
Mensaje D / 00:00:00:800 / top(01) / 00:00:00:010 para Root(00)
Mensaje * / 00:00:00:810 / Root(00) para top(01)
Mensaje * / 00:00:00:810 / top(01) para ta(05)
Mensaje D / 00:00:00:810 / ta(05) / ... para top(01)
Mensaje D / 00:00:00:810 / top(01) / ... para Root(00)
Mensaje X / 00:00:02:100 / Root(00) / ininitmagseating /      1.00000 para top(01)
Mensaje X / 00:00:02:100 / top(01) / in_initmagseating /      1.00000 para magassy(02)
Mensaje X / 00:00:02:100 / magassy(02) / in_initmagseating /      1.00000 para mag(03)
Mensaje D / 00:00:02:100 / mag(03) / 00:00:00:000 para magassy(02)
Mensaje D / 00:00:02:100 / magassy(02) / 00:00:00:000 para top(01)
Mensaje D / 00:00:02:100 / top(01) / 00:00:00:000 para Root(00)
Mensaje X / 00:00:02:100 / Root(00) / ininitbullets /     30.00000 para top(01)
Mensaje X / 00:00:02:100 / top(01) / in_initbullets /     30.00000 para magassy(02)
Mensaje X / 00:00:02:100 / magassy(02) / in_initbullets /     30.00000 para mag(03)
Mensaje D / 00:00:02:100 / mag(03) / 00:00:00:000 para magassy(02)
Mensaje D / 00:00:02:100 / magassy(02) / 00:00:00:000 para top(01)
Mensaje D / 00:00:02:100 / top(01) / 00:00:00:000 para Root(00)
Mensaje * / 00:00:02:100 / Root(00) para top(01)
Mensaje * / 00:00:02:100 / top(01) para magassy(02)
Mensaje * / 00:00:02:100 / magassy(02) para mag(03)
Mensaje Y / 00:00:02:100 / mag(03) / out_bulletready /      1.00000 para magassy(02)
Mensaje D / 00:00:02:100 / mag(03) / ... para magassy(02)
Mensaje X / 00:00:02:100 / magassy(02) / in_bulletready /      1.00000 para bull(04)
Mensaje D / 00:00:02:100 / bull(04) / 00:00:00:000 para magassy(02)
Mensaje D / 00:00:02:100 / magassy(02) / 00:00:00:000 para top(01)
Mensaje D / 00:00:02:100 / top(01) / 00:00:00:000 para Root(00)
Mensaje * / 00:00:02:100 / Root(00) para top(01)
Mensaje * / 00:00:02:100 / top(01) para magassy(02)
Mensaje * / 00:00:02:100 / magassy(02) para bull(04)
Mensaje Y / 00:00:02:100 / bull(04) / out_isdud /      0.00000 para magassy(02)
Mensaje Y / 00:00:02:100 / bull(04) / out_bulletready /      1.00000 para magassy(02)
Mensaje D / 00:00:02:100 / bull(04) / ... para magassy(02)
Mensaje Y / 00:00:02:100 / magassy(02) / out_isdud /      0.00000 para top(01)
Mensaje Y / 00:00:02:100 / magassy(02) / out_bulletready /      1.00000 para top(01)
Mensaje D / 00:00:02:100 / magassy(02) / ... para top(01)
Mensaje X / 00:00:02:100 / top(01) / in_isdud /      0.00000 para chbr(07)
Mensaje X / 00:00:02:100 / top(01) / in_bulletready /      1.00000 para ba(06)
Mensaje D / 00:00:02:100 / chbr(07) / ... para top(01)
Mensaje D / 00:00:02:100 / ba(06) / 00:00:00:050 para top(01)
Mensaje D / 00:00:02:100 / top(01) / 00:00:00:050 para Root(00)
Mensaje * / 00:00:02:150 / Root(00) para top(01)
Mensaje * / 00:00:02:150 / top(01) para ba(06)
Mensaje D / 00:00:02:150 / ba(06) / ... para top(01)
Mensaje D / 00:00:02:150 / top(01) / ... para Root(00)
Mensaje X / 00:00:02:200 / Root(00) / infiringselector /      0.00000 para top(01)
Mensaje X / 00:00:02:200 / top(01) / in_firingselector /      0.00000 para ta(05)
Mensaje D / 00:00:02:200 / ta(05) / 00:00:00:010 para top(01)
Mensaje D / 00:00:02:200 / top(01) / 00:00:00:010 para Root(00)
Mensaje * / 00:00:02:210 / Root(00) para top(01)
Mensaje * / 00:00:02:210 / top(01) para ta(05)
Mensaje D / 00:00:02:210 / ta(05) / ... para top(01)
Mensaje D / 00:00:02:210 / top(01) / ... para Root(00)
Mensaje X / 00:00:02:300 / Root(00) / inhandleposn /      1.00000 para top(01)
Mensaje X / 00:00:02:300 / top(01) / in_boltback /      1.00000 para ba(06)
Mensaje D / 00:00:02:300 / ba(06) / 00:00:00:050 para top(01)
Mensaje D / 00:00:02:300 / top(01) / 00:00:00:050 para Root(00)
Mensaje * / 00:00:02:350 / Root(00) para top(01)
Mensaje * / 00:00:02:350 / top(01) para ba(06)
Mensaje D / 00:00:02:350 / ba(06) / ... para top(01)
Mensaje D / 00:00:02:350 / top(01) / ... para Root(00)
Mensaje X / 00:00:02:400 / Root(00) / intriggerpressed /      1.00000 para top(01)
Mensaje X / 00:00:02:400 / top(01) / in_triggerpressed /      1.00000 para ta(05)
Mensaje D / 00:00:02:400 / ta(05) / 00:00:00:010 para top(01)
Mensaje D / 00:00:02:400 / top(01) / 00:00:00:010 para Root(00)
Mensaje * / 00:00:02:410 / Root(00) para top(01)
Mensaje * / 00:00:02:410 / top(01) para ta(05)
Mensaje Y / 00:00:02:410 / ta(05) / out_releasebolt /      0.00000 para top(01)
Mensaje D / 00:00:02:410 / ta(05) / ... para top(01)
Mensaje X / 00:00:02:410 / top(01) / in_releasebolt /      0.00000 para ba(06)
Mensaje D / 00:00:02:410 / ba(06) / 00:00:00:050 para top(01)
Mensaje D / 00:00:02:410 / top(01) / 00:00:00:050 para Root(00)
Mensaje * / 00:00:02:460 / Root(00) para top(01)
Mensaje * / 00:00:02:460 / top(01) para ba(06)
Mensaje D / 00:00:02:460 / ba(06) / ... para top(01)
Mensaje D / 00:00:02:460 / top(01) / ... para Root(00)
Mensaje X / 00:00:04:100 / Root(00) / ininitmagseating /      1.00000 para top(01)
Mensaje X / 00:00:04:100 / top(01) / in_initmagseating /      1.00000 para magassy(02)
Mensaje X / 00:00:04:100 / magassy(02) / in_initmagseating /      1.00000 para mag(03)
Mensaje D / 00:00:04:100 / mag(03) / 00:00:00:000 para magassy(02)
Mensaje D / 00:00:04:100 / magassy(02) / 00:00:00:000 para top(01)
Mensaje D / 00:00:04:100 / top(01) / 00:00:00:000 para Root(00)
Mensaje X / 00:00:04:100 / Root(00) / ininitbullets /     10.00000 para top(01)
Mensaje X / 00:00:04:100 / top(01) / in_initbullets /     10.00000 para magassy(02)
Mensaje X / 00:00:04:100 / magassy(02) / in_initbullets /     10.00000 para mag(03)
Mensaje D / 00:00:04:100 / mag(03) / 00:00:00:000 para magassy(02)
Mensaje D / 00:00:04:100 / magassy(02) / 00:00:00:000 para top(01)
Mensaje D / 00:00:04:100 / top(01) / 00:00:00:000 para Root(00)
Mensaje * / 00:00:04:100 / Root(00) para top(01)
Mensaje * / 00:00:04:100 / top(01) para magassy(02)
Mensaje * / 00:00:04:100 / magassy(02) para mag(03)
Mensaje Y / 00:00:04:100 / mag(03) / out_bulletready /      1.00000 para magassy(02)
Mensaje D / 00:00:04:100 / mag(03) / ... para magassy(02)
Mensaje X / 00:00:04:100 / magassy(02) / in_bulletready /      1.00000 para bull(04)
Mensaje D / 00:00:04:100 / bull(04) / 00:00:00:000 para magassy(02)
Mensaje D / 00:00:04:100 / magassy(02) / 00:00:00:000 para top(01)
Mensaje D / 00:00:04:100 / top(01) / 00:00:00:000 para Root(00)
Mensaje * / 00:00:04:100 / Root(00) para top(01)
Mensaje * / 00:00:04:100 / top(01) para magassy(02)
Mensaje * / 00:00:04:100 / magassy(02) para bull(04)
Mensaje Y / 00:00:04:100 / bull(04) / out_isdud /      0.00000 para magassy(02)
Mensaje Y / 00:00:04:100 / bull(04) / out_bulletready /      1.00000 para magassy(02)
Mensaje D / 00:00:04:100 / bull(04) / ... para magassy(02)
Mensaje Y / 00:00:04:100 / magassy(02) / out_isdud /      0.00000 para top(01)
Mensaje Y / 00:00:04:100 / magassy(02) / out_bulletready /      1.00000 para top(01)
Mensaje D / 00:00:04:100 / magassy(02) / ... para top(01)
Mensaje X / 00:00:04:100 / top(01) / in_isdud /      0.00000 para chbr(07)
Mensaje X / 00:00:04:100 / top(01) / in_bulletready /      1.00000 para ba(06)
Mensaje D / 00:00:04:100 / chbr(07) / ... para top(01)
Mensaje D / 00:00:04:100 / ba(06) / 00:00:00:050 para top(01)
Mensaje D / 00:00:04:100 / top(01) / 00:00:00:050 para Root(00)
Mensaje * / 00:00:04:150 / Root(00) para top(01)
Mensaje * / 00:00:04:150 / top(01) para ba(06)
Mensaje D / 00:00:04:150 / ba(06) / ... para top(01)
Mensaje D / 00:00:04:150 / top(01) / ... para Root(00)
Mensaje X / 00:00:04:200 / Root(00) / infiringselector /      1.00000 para top(01)
Mensaje X / 00:00:04:200 / top(01) / in_firingselector /      1.00000 para ta(05)
Mensaje D / 00:00:04:200 / ta(05) / 00:00:00:010 para top(01)
Mensaje D / 00:00:04:200 / top(01) / 00:00:00:010 para Root(00)
Mensaje * / 00:00:04:210 / Root(00) para top(01)
Mensaje * / 00:00:04:210 / top(01) para ta(05)
Mensaje Y / 00:00:04:210 / ta(05) / out_releasebolt /      1.00000 para top(01)
Mensaje D / 00:00:04:210 / ta(05) / ... para top(01)
Mensaje X / 00:00:04:210 / top(01) / in_releasebolt /      1.00000 para ba(06)
Mensaje D / 00:00:04:210 / ba(06) / 00:00:00:050 para top(01)
Mensaje D / 00:00:04:210 / top(01) / 00:00:00:050 para Root(00)
Mensaje * / 00:00:04:260 / Root(00) para top(01)
Mensaje * / 00:00:04:260 / top(01) para ba(06)
Mensaje D / 00:00:04:260 / ba(06) / ... para top(01)
Mensaje D / 00:00:04:260 / top(01) / ... para Root(00)
Mensaje X / 00:00:04:300 / Root(00) / inhandleposn /      1.00000 para top(01)
Mensaje X / 00:00:04:300 / top(01) / in_boltback /      1.00000 para ba(06)
Mensaje D / 00:00:04:300 / ba(06) / 00:00:00:050 para top(01)
Mensaje D / 00:00:04:300 / top(01) / 00:00:00:050 para Root(00)
Mensaje * / 00:00:04:350 / Root(00) para top(01)
Mensaje * / 00:00:04:350 / top(01) para ba(06)
Mensaje D / 00:00:04:350 / ba(06) / ... para top(01)
Mensaje D / 00:00:04:350 / top(01) / ... para Root(00)
Mensaje X / 00:00:04:400 / Root(00) / intriggerpressed /      1.00000 para top(01)
Mensaje X / 00:00:04:400 / top(01) / in_triggerpressed /      1.00000 para ta(05)
Mensaje D / 00:00:04:400 / ta(05) / 00:00:00:010 para top(01)
Mensaje D / 00:00:04:400 / top(01) / 00:00:00:010 para Root(00)
Mensaje * / 00:00:04:410 / Root(00) para top(01)
Mensaje * / 00:00:04:410 / top(01) para ta(05)
Mensaje Y / 00:00:04:410 / ta(05) / out_releasebolt /      1.00000 para top(01)
Mensaje D / 00:00:04:410 / ta(05) / ... para top(01)
Mensaje X / 00:00:04:410 / top(01) / in_releasebolt /      1.00000 para ba(06)
Mensaje D / 00:00:04:410 / ba(06) / 00:00:00:050 para top(01)
Mensaje D / 00:00:04:410 / top(01) / 00:00:00:050 para Root(00)
Mensaje * / 00:00:04:460 / Root(00) para top(01)
Mensaje * / 00:00:04:460 / top(01) para ba(06)
Mensaje D / 00:00:04:460 / ba(06) / ... para top(01)
Mensaje D / 00:00:04:460 / top(01) / ... para Root(00)
Mensaje X / 00:00:04:500 / Root(00) / intriggerpressed /      1.00000 para top(01)
Mensaje X / 00:00:04:500 / top(01) / in_triggerpressed /      1.00000 para ta(05)
Mensaje D / 00:00:04:500 / ta(05) / 00:00:00:010 para top(01)
Mensaje D / 00:00:04:500 / top(01) / 00:00:00:010 para Root(00)
Mensaje * / 00:00:04:510 / Root(00) para top(01)
Mensaje * / 00:00:04:510 / top(01) para ta(05)
Mensaje Y / 00:00:04:510 / ta(05) / out_releasebolt /      1.00000 para top(01)
Mensaje D / 00:00:04:510 / ta(05) / ... para top(01)
Mensaje X / 00:00:04:510 / top(01) / in_releasebolt /      1.00000 para ba(06)
Mensaje D / 00:00:04:510 / ba(06) / 00:00:00:050 para top(01)
Mensaje D / 00:00:04:510 / top(01) / 00:00:00:050 para Root(00)
Mensaje * / 00:00:04:560 / Root(00) para top(01)
Mensaje * / 00:00:04:560 / top(01) para ba(06)
Mensaje D / 00:00:04:560 / ba(06) / ... para top(01)
Mensaje D / 00:00:04:560 / top(01) / ... para Root(00)
Mensaje X / 00:00:04:600 / Root(00) / intriggerpressed /      1.00000 para top(01)
Mensaje X / 00:00:04:600 / top(01) / in_triggerpressed /      1.00000 para ta(05)
Mensaje D / 00:00:04:600 / ta(05) / 00:00:00:010 para top(01)
Mensaje D / 00:00:04:600 / top(01) / 00:00:00:010 para Root(00)
Mensaje * / 00:00:04:610 / Root(00) para top(01)
Mensaje * / 00:00:04:610 / top(01) para ta(05)
Mensaje Y / 00:00:04:610 / ta(05) / out_releasebolt /      1.00000 para top(01)
Mensaje D / 00:00:04:610 / ta(05) / ... para top(01)
Mensaje X / 00:00:04:610 / top(01) / in_releasebolt /      1.00000 para ba(06)
Mensaje D / 00:00:04:610 / ba(06) / 00:00:00:050 para top(01)
Mensaje D / 00:00:04:610 / top(01) / 00:00:00:050 para Root(00)
Mensaje * / 00:00:04:660 / Root(00) para top(01)
Mensaje * / 00:00:04:660 / top(01) para ba(06)
Mensaje D / 00:00:04:660 / ba(06) / ... para top(01)
Mensaje D / 00:00:04:660 / top(01) / ... para Root(00)
Mensaje X / 00:00:04:700 / Root(00) / intriggerpressed /      1.00000 para top(01)
Mensaje X / 00:00:04:700 / top(01) / in_triggerpressed /      1.00000 para ta(05)
Mensaje D / 00:00:04:700 / ta(05) / 00:00:00:010 para top(01)
Mensaje D / 00:00:04:700 / top(01) / 00:00:00:010 para Root(00)
Mensaje * / 00:00:04:710 / Root(00) para top(01)
Mensaje * / 00:00:04:710 / top(01) para ta(05)
Mensaje Y / 00:00:04:710 / ta(05) / out_releasebolt /      1.00000 para top(01)
Mensaje D / 00:00:04:710 / ta(05) / ... para top(01)
Mensaje X / 00:00:04:710 / top(01) / in_releasebolt /      1.00000 para ba(06)
Mensaje D / 00:00:04:710 / ba(06) / 00:00:00:050 para top(01)
Mensaje D / 00:00:04:710 / top(01) / 00:00:00:050 para Root(00)
Mensaje * / 00:00:04:760 / Root(00) para top(01)
Mensaje * / 00:00:04:760 / top(01) para ba(06)
Mensaje D / 00:00:04:760 / ba(06) / ... para top(01)
Mensaje D / 00:00:04:760 / top(01) / ... para Root(00)
Mensaje X / 00:00:04:800 / Root(00) / intriggerpressed /      1.00000 para top(01)
Mensaje X / 00:00:04:800 / top(01) / in_triggerpressed /      1.00000 para ta(05)
Mensaje D / 00:00:04:800 / ta(05) / 00:00:00:010 para top(01)
Mensaje D / 00:00:04:800 / top(01) / 00:00:00:010 para Root(00)
Mensaje * / 00:00:04:810 / Root(00) para top(01)
Mensaje * / 00:00:04:810 / top(01) para ta(05)
Mensaje Y / 00:00:04:810 / ta(05) / out_releasebolt /      1.00000 para top(01)
Mensaje D / 00:00:04:810 / ta(05) / ... para top(01)
Mensaje X / 00:00:04:810 / top(01) / in_releasebolt /      1.00000 para ba(06)
Mensaje D / 00:00:04:810 / ba(06) / 00:00:00:050 para top(01)
Mensaje D / 00:00:04:810 / top(01) / 00:00:00:050 para Root(00)
Mensaje * / 00:00:04:860 / Root(00) para top(01)
Mensaje * / 00:00:04:860 / top(01) para ba(06)
Mensaje D / 00:00:04:860 / ba(06) / ... para top(01)
Mensaje D / 00:00:04:860 / top(01) / ... para Root(00)
Mensaje X / 00:00:04:900 / Root(00) / intriggerpressed /      1.00000 para top(01)
Mensaje X / 00:00:04:900 / top(01) / in_triggerpressed /      1.00000 para ta(05)
Mensaje D / 00:00:04:900 / ta(05) / 00:00:00:010 para top(01)
Mensaje D / 00:00:04:900 / top(01) / 00:00:00:010 para Root(00)
Mensaje * / 00:00:04:910 / Root(00) para top(01)
Mensaje * / 00:00:04:910 / top(01) para ta(05)
Mensaje Y / 00:00:04:910 / ta(05) / out_releasebolt /      1.00000 para top(01)
Mensaje D / 00:00:04:910 / ta(05) / ... para top(01)
Mensaje X / 00:00:04:910 / top(01) / in_releasebolt /      1.00000 para ba(06)
Mensaje D / 00:00:04:910 / ba(06) / 00:00:00:050 para top(01)
Mensaje D / 00:00:04:910 / top(01) / 00:00:00:050 para Root(00)
Mensaje * / 00:00:04:960 / Root(00) para top(01)
Mensaje * / 00:00:04:960 / top(01) para ba(06)
Mensaje D / 00:00:04:960 / ba(06) / ... para top(01)
Mensaje D / 00:00:04:960 / top(01) / ... para Root(00)
Mensaje X / 00:00:05:000 / Root(00) / intriggerpressed /      1.00000 para top(01)
Mensaje X / 00:00:05:000 / top(01) / in_triggerpressed /      1.00000 para ta(05)
Mensaje D / 00:00:05:000 / ta(05) / 00:00:00:010 para top(01)
Mensaje D / 00:00:05:000 / top(01) / 00:00:00:010 para Root(00)
Mensaje * / 00:00:05:010 / Root(00) para top(01)
Mensaje * / 00:00:05:010 / top(01) para ta(05)
Mensaje Y / 00:00:05:010 / ta(05) / out_releasebolt /      1.00000 para top(01)
Mensaje D / 00:00:05:010 / ta(05) / ... para top(01)
Mensaje X / 00:00:05:010 / top(01) / in_releasebolt /      1.00000 para ba(06)
Mensaje D / 00:00:05:010 / ba(06) / 00:00:00:050 para top(01)
Mensaje D / 00:00:05:010 / top(01) / 00:00:00:050 para Root(00)
Mensaje * / 00:00:05:060 / Root(00) para top(01)
Mensaje * / 00:00:05:060 / top(01) para ba(06)
Mensaje D / 00:00:05:060 / ba(06) / ... para top(01)
Mensaje D / 00:00:05:060 / top(01) / ... para Root(00)
Mensaje X / 00:00:05:100 / Root(00) / intriggerpressed /      1.00000 para top(01)
Mensaje X / 00:00:05:100 / top(01) / in_triggerpressed /      1.00000 para ta(05)
Mensaje D / 00:00:05:100 / ta(05) / 00:00:00:010 para top(01)
Mensaje D / 00:00:05:100 / top(01) / 00:00:00:010 para Root(00)
Mensaje * / 00:00:05:110 / Root(00) para top(01)
Mensaje * / 00:00:05:110 / top(01) para ta(05)
Mensaje Y / 00:00:05:110 / ta(05) / out_releasebolt /      1.00000 para top(01)
Mensaje D / 00:00:05:110 / ta(05) / ... para top(01)
Mensaje X / 00:00:05:110 / top(01) / in_releasebolt /      1.00000 para ba(06)
Mensaje D / 00:00:05:110 / ba(06) / 00:00:00:050 para top(01)
Mensaje D / 00:00:05:110 / top(01) / 00:00:00:050 para Root(00)
Mensaje * / 00:00:05:160 / Root(00) para top(01)
Mensaje * / 00:00:05:160 / top(01) para ba(06)
Mensaje D / 00:00:05:160 / ba(06) / ... para top(01)
Mensaje D / 00:00:05:160 / top(01) / ... para Root(00)
Mensaje X / 00:00:05:200 / Root(00) / intriggerpressed /      1.00000 para top(01)
Mensaje X / 00:00:05:200 / top(01) / in_triggerpressed /      1.00000 para ta(05)
Mensaje D / 00:00:05:200 / ta(05) / 00:00:00:010 para top(01)
Mensaje D / 00:00:05:200 / top(01) / 00:00:00:010 para Root(00)
Mensaje * / 00:00:05:210 / Root(00) para top(01)
Mensaje * / 00:00:05:210 / top(01) para ta(05)
Mensaje Y / 00:00:05:210 / ta(05) / out_releasebolt /      1.00000 para top(01)
Mensaje D / 00:00:05:210 / ta(05) / ... para top(01)
Mensaje X / 00:00:05:210 / top(01) / in_releasebolt /      1.00000 para ba(06)
Mensaje D / 00:00:05:210 / ba(06) / 00:00:00:050 para top(01)
Mensaje D / 00:00:05:210 / top(01) / 00:00:00:050 para Root(00)
Mensaje * / 00:00:05:260 / Root(00) para top(01)
Mensaje * / 00:00:05:260 / top(01) para ba(06)
Mensaje D / 00:00:05:260 / ba(06) / ... para top(01)
Mensaje D / 00:00:05:260 / top(01) / ... para Root(00)
Mensaje X / 00:00:05:300 / Root(00) / intriggerpressed /      1.00000 para top(01)
Mensaje X / 00:00:05:300 / top(01) / in_triggerpressed /      1.00000 para ta(05)
Mensaje D / 00:00:05:300 / ta(05) / 00:00:00:010 para top(01)
Mensaje D / 00:00:05:300 / top(01) / 00:00:00:010 para Root(00)
Mensaje * / 00:00:05:310 / Root(00) para top(01)
Mensaje * / 00:00:05:310 / top(01) para ta(05)
Mensaje Y / 00:00:05:310 / ta(05) / out_releasebolt /      1.00000 para top(01)
Mensaje D / 00:00:05:310 / ta(05) / ... para top(01)
Mensaje X / 00:00:05:310 / top(01) / in_releasebolt /      1.00000 para ba(06)
Mensaje D / 00:00:05:310 / ba(06) / 00:00:00:050 para top(01)
Mensaje D / 00:00:05:310 / top(01) / 00:00:00:050 para Root(00)
Mensaje * / 00:00:05:360 / Root(00) para top(01)
Mensaje * / 00:00:05:360 / top(01) para ba(06)
Mensaje D / 00:00:05:360 / ba(06) / ... para top(01)
Mensaje D / 00:00:05:360 / top(01) / ... para Root(00)
Mensaje X / 00:00:05:400 / Root(00) / intriggerpressed /      1.00000 para top(01)
Mensaje X / 00:00:05:400 / top(01) / in_triggerpressed /      1.00000 para ta(05)
Mensaje D / 00:00:05:400 / ta(05) / 00:00:00:010 para top(01)
Mensaje D / 00:00:05:400 / top(01) / 00:00:00:010 para Root(00)
Mensaje * / 00:00:05:410 / Root(00) para top(01)
Mensaje * / 00:00:05:410 / top(01) para ta(05)
Mensaje Y / 00:00:05:410 / ta(05) / out_releasebolt /      1.00000 para top(01)
Mensaje D / 00:00:05:410 / ta(05) / ... para top(01)
Mensaje X / 00:00:05:410 / top(01) / in_releasebolt /      1.00000 para ba(06)
Mensaje D / 00:00:05:410 / ba(06) / 00:00:00:050 para top(01)
Mensaje D / 00:00:05:410 / top(01) / 00:00:00:050 para Root(00)
Mensaje * / 00:00:05:460 / Root(00) para top(01)
Mensaje * / 00:00:05:460 / top(01) para ba(06)
Mensaje D / 00:00:05:460 / ba(06) / ... para top(01)
Mensaje D / 00:00:05:460 / top(01) / ... para Root(00)
Mensaje X / 00:00:05:500 / Root(00) / intriggerpressed /      1.00000 para top(01)
Mensaje X / 00:00:05:500 / top(01) / in_triggerpressed /      1.00000 para ta(05)
Mensaje D / 00:00:05:500 / ta(05) / 00:00:00:010 para top(01)
Mensaje D / 00:00:05:500 / top(01) / 00:00:00:010 para Root(00)
Mensaje * / 00:00:05:510 / Root(00) para top(01)
Mensaje * / 00:00:05:510 / top(01) para ta(05)
Mensaje Y / 00:00:05:510 / ta(05) / out_releasebolt /      1.00000 para top(01)
Mensaje D / 00:00:05:510 / ta(05) / ... para top(01)
Mensaje X / 00:00:05:510 / top(01) / in_releasebolt /      1.00000 para ba(06)
Mensaje D / 00:00:05:510 / ba(06) / 00:00:00:050 para top(01)
Mensaje D / 00:00:05:510 / top(01) / 00:00:00:050 para Root(00)
Mensaje * / 00:00:05:560 / Root(00) para top(01)
Mensaje * / 00:00:05:560 / top(01) para ba(06)
Mensaje D / 00:00:05:560 / ba(06) / ... para top(01)
Mensaje D / 00:00:05:560 / top(01) / ... para Root(00)
Mensaje X / 00:00:05:600 / Root(00) / intriggerpressed /      1.00000 para top(01)
Mensaje X / 00:00:05:600 / top(01) / in_triggerpressed /      1.00000 para ta(05)
Mensaje D / 00:00:05:600 / ta(05) / 00:00:00:010 para top(01)
Mensaje D / 00:00:05:600 / top(01) / 00:00:00:010 para Root(00)
Mensaje * / 00:00:05:610 / Root(00) para top(01)
Mensaje * / 00:00:05:610 / top(01) para ta(05)
Mensaje Y / 00:00:05:610 / ta(05) / out_releasebolt /      1.00000 para top(01)
Mensaje D / 00:00:05:610 / ta(05) / ... para top(01)
Mensaje X / 00:00:05:610 / top(01) / in_releasebolt /      1.00000 para ba(06)
Mensaje D / 00:00:05:610 / ba(06) / 00:00:00:050 para top(01)
Mensaje D / 00:00:05:610 / top(01) / 00:00:00:050 para Root(00)
Mensaje * / 00:00:05:660 / Root(00) para top(01)
Mensaje * / 00:00:05:660 / top(01) para ba(06)
Mensaje D / 00:00:05:660 / ba(06) / ... para top(01)
Mensaje D / 00:00:05:660 / top(01) / ... para Root(00)
Mensaje X / 00:00:05:700 / Root(00) / intriggerpressed /      1.00000 para top(01)
Mensaje X / 00:00:05:700 / top(01) / in_triggerpressed /      1.00000 para ta(05)
Mensaje D / 00:00:05:700 / ta(05) / 00:00:00:010 para top(01)
Mensaje D / 00:00:05:700 / top(01) / 00:00:00:010 para Root(00)
Mensaje * / 00:00:05:710 / Root(00) para top(01)
Mensaje * / 00:00:05:710 / top(01) para ta(05)
Mensaje Y / 00:00:05:710 / ta(05) / out_releasebolt /      1.00000 para top(01)
Mensaje D / 00:00:05:710 / ta(05) / ... para top(01)
Mensaje X / 00:00:05:710 / top(01) / in_releasebolt /      1.00000 para ba(06)
Mensaje D / 00:00:05:710 / ba(06) / 00:00:00:050 para top(01)
Mensaje D / 00:00:05:710 / top(01) / 00:00:00:050 para Root(00)
Mensaje * / 00:00:05:760 / Root(00) para top(01)
Mensaje * / 00:00:05:760 / top(01) para ba(06)
Mensaje D / 00:00:05:760 / ba(06) / ... para top(01)
Mensaje D / 00:00:05:760 / top(01) / ... para Root(00)
