Mensaje I / 00:00:00:000 / Root(00) para top(01)
Mensaje I / 00:00:00:000 / top(01) para ta(02)
Mensaje D / 00:00:00:000 / ta(02) / ... para top(01)
Mensaje D / 00:00:00:000 / top(01) / ... para Root(00)
Mensaje X / 00:00:00:100 / Root(00) / in_firingselector /      0.00000 para top(01)
Mensaje X / 00:00:00:100 / top(01) / in_firingselector /      0.00000 para ta(02)
Mensaje D / 00:00:00:100 / ta(02) / 00:00:00:050 para top(01)
Mensaje D / 00:00:00:100 / top(01) / 00:00:00:050 para Root(00)
Mensaje * / 00:00:00:150 / Root(00) para top(01)
Mensaje * / 00:00:00:150 / top(01) para ta(02)
Mensaje D / 00:00:00:150 / ta(02) / ... para top(01)
Mensaje D / 00:00:00:150 / top(01) / ... para Root(00)
Mensaje X / 00:00:00:200 / Root(00) / in_triggerpressed /      1.00000 para top(01)
Mensaje X / 00:00:00:200 / top(01) / in_triggerpressed /      1.00000 para ta(02)
Mensaje D / 00:00:00:200 / ta(02) / 00:00:00:050 para top(01)
Mensaje D / 00:00:00:200 / top(01) / 00:00:00:050 para Root(00)
Mensaje * / 00:00:00:250 / Root(00) para top(01)
Mensaje * / 00:00:00:250 / top(01) para ta(02)
Mensaje Y / 00:00:00:250 / ta(02) / out_releasebolt /      0.00000 para top(01)
Mensaje D / 00:00:00:250 / ta(02) / ... para top(01)
Mensaje Y / 00:00:00:250 / top(01) / out_releasebolt /      0.00000 para Root(00)
Mensaje D / 00:00:00:250 / top(01) / ... para Root(00)
Mensaje X / 00:00:00:300 / Root(00) / in_triggerpressed /      0.00000 para top(01)
Mensaje X / 00:00:00:300 / top(01) / in_triggerpressed /      0.00000 para ta(02)
Mensaje D / 00:00:00:300 / ta(02) / 00:00:00:050 para top(01)
Mensaje D / 00:00:00:300 / top(01) / 00:00:00:050 para Root(00)
Mensaje * / 00:00:00:350 / Root(00) para top(01)
Mensaje * / 00:00:00:350 / top(01) para ta(02)
Mensaje D / 00:00:00:350 / ta(02) / ... para top(01)
Mensaje D / 00:00:00:350 / top(01) / ... para Root(00)
Mensaje X / 00:00:01:000 / Root(00) / in_firingselector /      1.00000 para top(01)
Mensaje X / 00:00:01:000 / top(01) / in_firingselector /      1.00000 para ta(02)
Mensaje D / 00:00:01:000 / ta(02) / 00:00:00:050 para top(01)
Mensaje D / 00:00:01:000 / top(01) / 00:00:00:050 para Root(00)
Mensaje * / 00:00:01:050 / Root(00) para top(01)
Mensaje * / 00:00:01:050 / top(01) para ta(02)
Mensaje D / 00:00:01:050 / ta(02) / ... para top(01)
Mensaje D / 00:00:01:050 / top(01) / ... para Root(00)
Mensaje X / 00:00:01:100 / Root(00) / in_triggerpressed /      1.00000 para top(01)
Mensaje X / 00:00:01:100 / top(01) / in_triggerpressed /      1.00000 para ta(02)
Mensaje D / 00:00:01:100 / ta(02) / 00:00:00:050 para top(01)
Mensaje D / 00:00:01:100 / top(01) / 00:00:00:050 para Root(00)
Mensaje * / 00:00:01:150 / Root(00) para top(01)
Mensaje * / 00:00:01:150 / top(01) para ta(02)
Mensaje Y / 00:00:01:150 / ta(02) / out_releasebolt /      1.00000 para top(01)
Mensaje D / 00:00:01:150 / ta(02) / ... para top(01)
Mensaje Y / 00:00:01:150 / top(01) / out_releasebolt /      1.00000 para Root(00)
Mensaje D / 00:00:01:150 / top(01) / ... para Root(00)
Mensaje X / 00:00:02:000 / Root(00) / in_boltback /      1.00000 para top(01)
Mensaje X / 00:00:02:000 / top(01) / in_boltback /      1.00000 para ta(02)
Mensaje D / 00:00:02:000 / ta(02) / 00:00:00:050 para top(01)
Mensaje D / 00:00:02:000 / top(01) / 00:00:00:050 para Root(00)
Mensaje * / 00:00:02:050 / Root(00) para top(01)
Mensaje * / 00:00:02:050 / top(01) para ta(02)
Mensaje D / 00:00:02:050 / ta(02) / ... para top(01)
Mensaje D / 00:00:02:050 / top(01) / ... para Root(00)
Mensaje X / 00:00:02:100 / Root(00) / in_boltback /      1.00000 para top(01)
Mensaje X / 00:00:02:100 / top(01) / in_boltback /      1.00000 para ta(02)
Mensaje D / 00:00:02:100 / ta(02) / 00:00:00:050 para top(01)
Mensaje D / 00:00:02:100 / top(01) / 00:00:00:050 para Root(00)
Mensaje * / 00:00:02:150 / Root(00) para top(01)
Mensaje * / 00:00:02:150 / top(01) para ta(02)
Mensaje D / 00:00:02:150 / ta(02) / ... para top(01)
Mensaje D / 00:00:02:150 / top(01) / ... para Root(00)
Mensaje X / 00:00:02:200 / Root(00) / in_boltback /      1.00000 para top(01)
Mensaje X / 00:00:02:200 / top(01) / in_boltback /      1.00000 para ta(02)
Mensaje D / 00:00:02:200 / ta(02) / 00:00:00:050 para top(01)
Mensaje D / 00:00:02:200 / top(01) / 00:00:00:050 para Root(00)
Mensaje * / 00:00:02:250 / Root(00) para top(01)
Mensaje * / 00:00:02:250 / top(01) para ta(02)
Mensaje D / 00:00:02:250 / ta(02) / ... para top(01)
Mensaje D / 00:00:02:250 / top(01) / ... para Root(00)
Mensaje X / 00:00:02:300 / Root(00) / in_triggerpressed /      0.00000 para top(01)
Mensaje X / 00:00:02:300 / top(01) / in_triggerpressed /      0.00000 para ta(02)
Mensaje D / 00:00:02:300 / ta(02) / 00:00:00:050 para top(01)
Mensaje D / 00:00:02:300 / top(01) / 00:00:00:050 para Root(00)
Mensaje * / 00:00:02:350 / Root(00) para top(01)
Mensaje * / 00:00:02:350 / top(01) para ta(02)
Mensaje D / 00:00:02:350 / ta(02) / ... para top(01)
Mensaje D / 00:00:02:350 / top(01) / ... para Root(00)
Mensaje X / 00:00:03:000 / Root(00) / in_firingselector /      2.00000 para top(01)
Mensaje X / 00:00:03:000 / top(01) / in_firingselector /      2.00000 para ta(02)
Mensaje D / 00:00:03:000 / ta(02) / 00:00:00:050 para top(01)
Mensaje D / 00:00:03:000 / top(01) / 00:00:00:050 para Root(00)
Mensaje * / 00:00:03:050 / Root(00) para top(01)
Mensaje * / 00:00:03:050 / top(01) para ta(02)
Mensaje D / 00:00:03:050 / ta(02) / ... para top(01)
Mensaje D / 00:00:03:050 / top(01) / ... para Root(00)
Mensaje X / 00:00:03:100 / Root(00) / in_triggerpressed /      1.00000 para top(01)
Mensaje X / 00:00:03:100 / top(01) / in_triggerpressed /      1.00000 para ta(02)
Mensaje D / 00:00:03:100 / ta(02) / 00:00:00:050 para top(01)
Mensaje D / 00:00:03:100 / top(01) / 00:00:00:050 para Root(00)
Mensaje * / 00:00:03:150 / Root(00) para top(01)
Mensaje * / 00:00:03:150 / top(01) para ta(02)
Mensaje Y / 00:00:03:150 / ta(02) / out_releasebolt /      1.00000 para top(01)
Mensaje D / 00:00:03:150 / ta(02) / ... para top(01)
Mensaje Y / 00:00:03:150 / top(01) / out_releasebolt /      1.00000 para Root(00)
Mensaje D / 00:00:03:150 / top(01) / ... para Root(00)
Mensaje X / 00:00:04:000 / Root(00) / in_boltback /      1.00000 para top(01)
Mensaje X / 00:00:04:000 / top(01) / in_boltback /      1.00000 para ta(02)
Mensaje D / 00:00:04:000 / ta(02) / 00:00:00:050 para top(01)
Mensaje D / 00:00:04:000 / top(01) / 00:00:00:050 para Root(00)
Mensaje * / 00:00:04:050 / Root(00) para top(01)
Mensaje * / 00:00:04:050 / top(01) para ta(02)
Mensaje Y / 00:00:04:050 / ta(02) / out_releasebolt /      1.00000 para top(01)
Mensaje D / 00:00:04:050 / ta(02) / ... para top(01)
Mensaje Y / 00:00:04:050 / top(01) / out_releasebolt /      1.00000 para Root(00)
Mensaje D / 00:00:04:050 / top(01) / ... para Root(00)
Mensaje X / 00:00:04:100 / Root(00) / in_boltback /      1.00000 para top(01)
Mensaje X / 00:00:04:100 / top(01) / in_boltback /      1.00000 para ta(02)
Mensaje D / 00:00:04:100 / ta(02) / 00:00:00:050 para top(01)
Mensaje D / 00:00:04:100 / top(01) / 00:00:00:050 para Root(00)
Mensaje * / 00:00:04:150 / Root(00) para top(01)
Mensaje * / 00:00:04:150 / top(01) para ta(02)
Mensaje Y / 00:00:04:150 / ta(02) / out_releasebolt /      1.00000 para top(01)
Mensaje D / 00:00:04:150 / ta(02) / ... para top(01)
Mensaje Y / 00:00:04:150 / top(01) / out_releasebolt /      1.00000 para Root(00)
Mensaje D / 00:00:04:150 / top(01) / ... para Root(00)
Mensaje X / 00:00:04:200 / Root(00) / in_boltback /      1.00000 para top(01)
Mensaje X / 00:00:04:200 / top(01) / in_boltback /      1.00000 para ta(02)
Mensaje D / 00:00:04:200 / ta(02) / 00:00:00:050 para top(01)
Mensaje D / 00:00:04:200 / top(01) / 00:00:00:050 para Root(00)
Mensaje * / 00:00:04:250 / Root(00) para top(01)
Mensaje * / 00:00:04:250 / top(01) para ta(02)
Mensaje Y / 00:00:04:250 / ta(02) / out_releasebolt /      1.00000 para top(01)
Mensaje D / 00:00:04:250 / ta(02) / ... para top(01)
Mensaje Y / 00:00:04:250 / top(01) / out_releasebolt /      1.00000 para Root(00)
Mensaje D / 00:00:04:250 / top(01) / ... para Root(00)
Mensaje X / 00:00:04:300 / Root(00) / in_boltback /      1.00000 para top(01)
Mensaje X / 00:00:04:300 / top(01) / in_boltback /      1.00000 para ta(02)
Mensaje D / 00:00:04:300 / ta(02) / 00:00:00:050 para top(01)
Mensaje D / 00:00:04:300 / top(01) / 00:00:00:050 para Root(00)
Mensaje * / 00:00:04:350 / Root(00) para top(01)
Mensaje * / 00:00:04:350 / top(01) para ta(02)
Mensaje Y / 00:00:04:350 / ta(02) / out_releasebolt /      1.00000 para top(01)
Mensaje D / 00:00:04:350 / ta(02) / ... para top(01)
Mensaje Y / 00:00:04:350 / top(01) / out_releasebolt /      1.00000 para Root(00)
Mensaje D / 00:00:04:350 / top(01) / ... para Root(00)
Mensaje X / 00:00:04:400 / Root(00) / in_boltback /      1.00000 para top(01)
Mensaje X / 00:00:04:400 / top(01) / in_boltback /      1.00000 para ta(02)
Mensaje D / 00:00:04:400 / ta(02) / 00:00:00:050 para top(01)
Mensaje D / 00:00:04:400 / top(01) / 00:00:00:050 para Root(00)
Mensaje * / 00:00:04:450 / Root(00) para top(01)
Mensaje * / 00:00:04:450 / top(01) para ta(02)
Mensaje Y / 00:00:04:450 / ta(02) / out_releasebolt /      1.00000 para top(01)
Mensaje D / 00:00:04:450 / ta(02) / ... para top(01)
Mensaje Y / 00:00:04:450 / top(01) / out_releasebolt /      1.00000 para Root(00)
Mensaje D / 00:00:04:450 / top(01) / ... para Root(00)
Mensaje X / 00:00:04:500 / Root(00) / in_boltback /      1.00000 para top(01)
Mensaje X / 00:00:04:500 / top(01) / in_boltback /      1.00000 para ta(02)
Mensaje D / 00:00:04:500 / ta(02) / 00:00:00:050 para top(01)
Mensaje D / 00:00:04:500 / top(01) / 00:00:00:050 para Root(00)
Mensaje * / 00:00:04:550 / Root(00) para top(01)
Mensaje * / 00:00:04:550 / top(01) para ta(02)
Mensaje Y / 00:00:04:550 / ta(02) / out_releasebolt /      1.00000 para top(01)
Mensaje D / 00:00:04:550 / ta(02) / ... para top(01)
Mensaje Y / 00:00:04:550 / top(01) / out_releasebolt /      1.00000 para Root(00)
Mensaje D / 00:00:04:550 / top(01) / ... para Root(00)
Mensaje X / 00:00:04:600 / Root(00) / in_boltback /      1.00000 para top(01)
Mensaje X / 00:00:04:600 / top(01) / in_boltback /      1.00000 para ta(02)
Mensaje D / 00:00:04:600 / ta(02) / 00:00:00:050 para top(01)
Mensaje D / 00:00:04:600 / top(01) / 00:00:00:050 para Root(00)
Mensaje * / 00:00:04:650 / Root(00) para top(01)
Mensaje * / 00:00:04:650 / top(01) para ta(02)
Mensaje Y / 00:00:04:650 / ta(02) / out_releasebolt /      1.00000 para top(01)
Mensaje D / 00:00:04:650 / ta(02) / ... para top(01)
Mensaje Y / 00:00:04:650 / top(01) / out_releasebolt /      1.00000 para Root(00)
Mensaje D / 00:00:04:650 / top(01) / ... para Root(00)
Mensaje X / 00:00:04:700 / Root(00) / in_triggerpressed /      0.00000 para top(01)
Mensaje X / 00:00:04:700 / top(01) / in_triggerpressed /      0.00000 para ta(02)
Mensaje D / 00:00:04:700 / ta(02) / 00:00:00:050 para top(01)
Mensaje D / 00:00:04:700 / top(01) / 00:00:00:050 para Root(00)
Mensaje * / 00:00:04:750 / Root(00) para top(01)
Mensaje * / 00:00:04:750 / top(01) para ta(02)
Mensaje D / 00:00:04:750 / ta(02) / ... para top(01)
Mensaje D / 00:00:04:750 / top(01) / ... para Root(00)
